{"/home/karim/Documents/work/HRJO4/FEC/nodolla_FEC/client/app/index.jsx": {"path":"/home/karim/Documents/work/HRJO4/FEC/nodolla_FEC/client/app/index.jsx","statementMap":{"0":{"start":{"line":5,"column":0},"end":{"line":8,"column":2}}},"fnMap":{},"branchMap":{},"s":{"0":0},"f":{},"b":{}}
,"/home/karim/Documents/work/HRJO4/FEC/nodolla_FEC/client/app/components/App.jsx": {"path":"/home/karim/Documents/work/HRJO4/FEC/nodolla_FEC/client/app/components/App.jsx","statementMap":{"0":{"start":{"line":13,"column":12},"end":{"line":116,"column":1}},"1":{"start":{"line":14,"column":46},"end":{"line":14,"column":58}},"2":{"start":{"line":16,"column":27},"end":{"line":23,"column":3}},"3":{"start":{"line":17,"column":4},"end":{"line":17,"column":45}},"4":{"start":{"line":18,"column":4},"end":{"line":18,"column":49}},"5":{"start":{"line":19,"column":4},"end":{"line":19,"column":57}},"6":{"start":{"line":20,"column":4},"end":{"line":20,"column":63}},"7":{"start":{"line":21,"column":4},"end":{"line":21,"column":53}},"8":{"start":{"line":22,"column":4},"end":{"line":22,"column":58}},"9":{"start":{"line":25,"column":32},"end":{"line":32,"column":3}},"10":{"start":{"line":26,"column":4},"end":{"line":26,"column":48}},"11":{"start":{"line":27,"column":4},"end":{"line":27,"column":52}},"12":{"start":{"line":28,"column":4},"end":{"line":28,"column":60}},"13":{"start":{"line":29,"column":4},"end":{"line":29,"column":66}},"14":{"start":{"line":30,"column":4},"end":{"line":30,"column":56}},"15":{"start":{"line":31,"column":4},"end":{"line":31,"column":58}},"16":{"start":{"line":34,"column":29},"end":{"line":41,"column":3}},"17":{"start":{"line":35,"column":4},"end":{"line":35,"column":52}},"18":{"start":{"line":36,"column":4},"end":{"line":36,"column":65}},"19":{"start":{"line":37,"column":4},"end":{"line":37,"column":70}},"20":{"start":{"line":38,"column":4},"end":{"line":38,"column":62}},"21":{"start":{"line":39,"column":4},"end":{"line":39,"column":55}},"22":{"start":{"line":40,"column":4},"end":{"line":40,"column":59}},"23":{"start":{"line":43,"column":34},"end":{"line":46,"column":3}},"24":{"start":{"line":44,"column":4},"end":{"line":44,"column":64}},"25":{"start":{"line":45,"column":4},"end":{"line":45,"column":55}},"26":{"start":{"line":48,"column":41},"end":{"line":51,"column":3}},"27":{"start":{"line":49,"column":4},"end":{"line":49,"column":48}},"28":{"start":{"line":50,"column":4},"end":{"line":50,"column":79}},"29":{"start":{"line":53,"column":33},"end":{"line":75,"column":3}},"30":{"start":{"line":54,"column":23},"end":{"line":54,"column":25}},"31":{"start":{"line":55,"column":27},"end":{"line":55,"column":63}},"32":{"start":{"line":56,"column":4},"end":{"line":74,"column":9}},"33":{"start":{"line":58,"column":8},"end":{"line":60,"column":63}},"34":{"start":{"line":63,"column":8},"end":{"line":63,"column":54}},"35":{"start":{"line":66,"column":8},"end":{"line":66,"column":68}},"36":{"start":{"line":69,"column":8},"end":{"line":69,"column":69}},"37":{"start":{"line":70,"column":8},"end":{"line":70,"column":45}},"38":{"start":{"line":73,"column":8},"end":{"line":73,"column":56}},"39":{"start":{"line":77,"column":2},"end":{"line":79,"column":9}},"40":{"start":{"line":78,"column":4},"end":{"line":78,"column":29}},"41":{"start":{"line":81,"column":25},"end":{"line":83,"column":3}},"42":{"start":{"line":82,"column":4},"end":{"line":82,"column":31}},"43":{"start":{"line":85,"column":2},"end":{"line":115,"column":4}}},"fnMap":{"0":{"name":"(anonymous_0)","decl":{"start":{"line":13,"column":12},"end":{"line":13,"column":13}},"loc":{"start":{"line":13,"column":18},"end":{"line":116,"column":1}},"line":13},"1":{"name":"(anonymous_1)","decl":{"start":{"line":16,"column":27},"end":{"line":16,"column":28}},"loc":{"start":{"line":16,"column":61},"end":{"line":23,"column":3}},"line":16},"2":{"name":"(anonymous_2)","decl":{"start":{"line":25,"column":32},"end":{"line":25,"column":33}},"loc":{"start":{"line":25,"column":71},"end":{"line":32,"column":3}},"line":25},"3":{"name":"(anonymous_3)","decl":{"start":{"line":34,"column":29},"end":{"line":34,"column":30}},"loc":{"start":{"line":34,"column":61},"end":{"line":41,"column":3}},"line":34},"4":{"name":"(anonymous_4)","decl":{"start":{"line":43,"column":34},"end":{"line":43,"column":35}},"loc":{"start":{"line":43,"column":75},"end":{"line":46,"column":3}},"line":43},"5":{"name":"(anonymous_5)","decl":{"start":{"line":48,"column":41},"end":{"line":48,"column":42}},"loc":{"start":{"line":48,"column":75},"end":{"line":51,"column":3}},"line":48},"6":{"name":"(anonymous_6)","decl":{"start":{"line":53,"column":33},"end":{"line":53,"column":34}},"loc":{"start":{"line":53,"column":41},"end":{"line":75,"column":3}},"line":53},"7":{"name":"(anonymous_7)","decl":{"start":{"line":57,"column":12},"end":{"line":57,"column":13}},"loc":{"start":{"line":58,"column":8},"end":{"line":60,"column":63}},"line":58},"8":{"name":"(anonymous_8)","decl":{"start":{"line":62,"column":12},"end":{"line":62,"column":13}},"loc":{"start":{"line":63,"column":8},"end":{"line":63,"column":54}},"line":63},"9":{"name":"(anonymous_9)","decl":{"start":{"line":65,"column":12},"end":{"line":65,"column":13}},"loc":{"start":{"line":66,"column":8},"end":{"line":66,"column":68}},"line":66},"10":{"name":"(anonymous_10)","decl":{"start":{"line":68,"column":12},"end":{"line":68,"column":13}},"loc":{"start":{"line":68,"column":34},"end":{"line":71,"column":7}},"line":68},"11":{"name":"(anonymous_11)","decl":{"start":{"line":72,"column":13},"end":{"line":72,"column":14}},"loc":{"start":{"line":72,"column":22},"end":{"line":74,"column":7}},"line":72},"12":{"name":"(anonymous_12)","decl":{"start":{"line":77,"column":12},"end":{"line":77,"column":13}},"loc":{"start":{"line":77,"column":18},"end":{"line":79,"column":3}},"line":77},"13":{"name":"(anonymous_13)","decl":{"start":{"line":81,"column":25},"end":{"line":81,"column":26}},"loc":{"start":{"line":81,"column":33},"end":{"line":83,"column":3}},"line":81}},"branchMap":{"0":{"loc":{"start":{"line":25,"column":51},"end":{"line":25,"column":66}},"type":"default-arg","locations":[{"start":{"line":25,"column":64},"end":{"line":25,"column":66}}],"line":25},"1":{"loc":{"start":{"line":55,"column":27},"end":{"line":55,"column":63}},"type":"cond-expr","locations":[{"start":{"line":55,"column":32},"end":{"line":55,"column":49}},{"start":{"line":55,"column":52},"end":{"line":55,"column":63}}],"line":55},"2":{"loc":{"start":{"line":58,"column":8},"end":{"line":60,"column":63}},"type":"cond-expr","locations":[{"start":{"line":59,"column":12},"end":{"line":59,"column":58}},{"start":{"line":60,"column":12},"end":{"line":60,"column":63}}],"line":58},"3":{"loc":{"start":{"line":93,"column":26},"end":{"line":93,"column":48}},"type":"binary-expr","locations":[{"start":{"line":93,"column":26},"end":{"line":93,"column":43}},{"start":{"line":93,"column":47},"end":{"line":93,"column":48}}],"line":93},"4":{"loc":{"start":{"line":99,"column":14},"end":{"line":99,"column":37}},"type":"binary-expr","locations":[{"start":{"line":99,"column":14},"end":{"line":99,"column":32}},{"start":{"line":99,"column":36},"end":{"line":99,"column":37}}],"line":99},"5":{"loc":{"start":{"line":100,"column":16},"end":{"line":100,"column":54}},"type":"binary-expr","locations":[{"start":{"line":100,"column":16},"end":{"line":100,"column":36}},{"start":{"line":100,"column":40},"end":{"line":100,"column":54}}],"line":100},"6":{"loc":{"start":{"line":101,"column":20},"end":{"line":101,"column":58}},"type":"binary-expr","locations":[{"start":{"line":101,"column":20},"end":{"line":101,"column":44}},{"start":{"line":101,"column":48},"end":{"line":101,"column":58}}],"line":101},"7":{"loc":{"start":{"line":102,"column":24},"end":{"line":102,"column":74}},"type":"binary-expr","locations":[{"start":{"line":102,"column":24},"end":{"line":102,"column":66}},{"start":{"line":102,"column":70},"end":{"line":102,"column":74}}],"line":102},"8":{"loc":{"start":{"line":103,"column":25},"end":{"line":103,"column":59}},"type":"binary-expr","locations":[{"start":{"line":103,"column":25},"end":{"line":103,"column":54}},{"start":{"line":103,"column":58},"end":{"line":103,"column":59}}],"line":103},"9":{"loc":{"start":{"line":104,"column":21},"end":{"line":104,"column":54}},"type":"binary-expr","locations":[{"start":{"line":104,"column":21},"end":{"line":104,"column":46}},{"start":{"line":104,"column":50},"end":{"line":104,"column":54}}],"line":104},"10":{"loc":{"start":{"line":105,"column":17},"end":{"line":105,"column":54}},"type":"binary-expr","locations":[{"start":{"line":105,"column":17},"end":{"line":105,"column":46}},{"start":{"line":105,"column":50},"end":{"line":105,"column":54}}],"line":105}},"s":{"0":0,"1":0,"2":0,"3":0,"4":0,"5":0,"6":0,"7":0,"8":0,"9":0,"10":0,"11":0,"12":0,"13":0,"14":0,"15":0,"16":0,"17":0,"18":0,"19":0,"20":0,"21":0,"22":0,"23":0,"24":0,"25":0,"26":0,"27":0,"28":0,"29":0,"30":0,"31":0,"32":0,"33":0,"34":0,"35":0,"36":0,"37":0,"38":0,"39":0,"40":0,"41":0,"42":0,"43":0},"f":{"0":0,"1":0,"2":0,"3":0,"4":0,"5":0,"6":0,"7":0,"8":0,"9":0,"10":0,"11":0,"12":0,"13":0},"b":{"0":[0],"1":[0,0],"2":[0,0],"3":[0,0],"4":[0,0],"5":[0,0],"6":[0,0],"7":[0,0],"8":[0,0],"9":[0,0],"10":[0,0]}}
,"/home/karim/Documents/work/HRJO4/FEC/nodolla_FEC/client/app/components/Carousels/CarouselCard/CarouselCard.jsx": {"path":"/home/karim/Documents/work/HRJO4/FEC/nodolla_FEC/client/app/components/Carousels/CarouselCard/CarouselCard.jsx","statementMap":{"0":{"start":{"line":8,"column":21},"end":{"line":55,"column":1}},"1":{"start":{"line":20,"column":19},"end":{"line":20,"column":47}},"2":{"start":{"line":23,"column":2},"end":{"line":32,"column":3}},"3":{"start":{"line":24,"column":4},"end":{"line":29,"column":6}},"4":{"start":{"line":31,"column":4},"end":{"line":31,"column":97}},"5":{"start":{"line":34,"column":2},"end":{"line":54,"column":4}},"6":{"start":{"line":35,"column":71},"end":{"line":35,"column":89}},"7":{"start":{"line":36,"column":67},"end":{"line":36,"column":87}},"8":{"start":{"line":36,"column":88},"end":{"line":36,"column":103}},"9":{"start":{"line":57,"column":0},"end":{"line":68,"column":2}}},"fnMap":{"0":{"name":"(anonymous_0)","decl":{"start":{"line":8,"column":21},"end":{"line":8,"column":22}},"loc":{"start":{"line":19,"column":6},"end":{"line":55,"column":1}},"line":19},"1":{"name":"(anonymous_1)","decl":{"start":{"line":35,"column":63},"end":{"line":35,"column":64}},"loc":{"start":{"line":35,"column":69},"end":{"line":35,"column":91}},"line":35},"2":{"name":"(anonymous_2)","decl":{"start":{"line":36,"column":58},"end":{"line":36,"column":59}},"loc":{"start":{"line":36,"column":65},"end":{"line":36,"column":105}},"line":36}},"branchMap":{"0":{"loc":{"start":{"line":23,"column":2},"end":{"line":32,"column":3}},"type":"if","locations":[{"start":{"line":23,"column":2},"end":{"line":32,"column":3}},{"start":{"line":23,"column":2},"end":{"line":32,"column":3}}],"line":23},"1":{"loc":{"start":{"line":38,"column":10},"end":{"line":40,"column":53}},"type":"cond-expr","locations":[{"start":{"line":39,"column":14},"end":{"line":39,"column":46}},{"start":{"line":40,"column":14},"end":{"line":40,"column":53}}],"line":38}},"s":{"0":0,"1":0,"2":0,"3":0,"4":0,"5":0,"6":0,"7":0,"8":0,"9":0},"f":{"0":0,"1":0,"2":0},"b":{"0":[0,0],"1":[0,0]}}
,"/home/karim/Documents/work/HRJO4/FEC/nodolla_FEC/client/app/components/Carousels/OutfitCarousel/OutfitCarousel.jsx": {"path":"/home/karim/Documents/work/HRJO4/FEC/nodolla_FEC/client/app/components/Carousels/OutfitCarousel/OutfitCarousel.jsx","statementMap":{"0":{"start":{"line":9,"column":23},"end":{"line":115,"column":1}},"1":{"start":{"line":10,"column":38},"end":{"line":10,"column":50}},"2":{"start":{"line":11,"column":54},"end":{"line":11,"column":66}},"3":{"start":{"line":13,"column":23},"end":{"line":21,"column":3}},"4":{"start":{"line":14,"column":4},"end":{"line":20,"column":6}},"5":{"start":{"line":23,"column":24},"end":{"line":31,"column":3}},"6":{"start":{"line":24,"column":27},"end":{"line":24,"column":29}},"7":{"start":{"line":25,"column":4},"end":{"line":29,"column":7}},"8":{"start":{"line":26,"column":6},"end":{"line":28,"column":8}},"9":{"start":{"line":30,"column":4},"end":{"line":30,"column":34}},"10":{"start":{"line":34,"column":34},"end":{"line":37,"column":3}},"11":{"start":{"line":35,"column":4},"end":{"line":35,"column":21}},"12":{"start":{"line":36,"column":4},"end":{"line":36,"column":20}},"13":{"start":{"line":40,"column":2},"end":{"line":42,"column":20}},"14":{"start":{"line":41,"column":4},"end":{"line":41,"column":20}},"15":{"start":{"line":44,"column":28},"end":{"line":56,"column":3}},"16":{"start":{"line":45,"column":4},"end":{"line":45,"column":37}},"17":{"start":{"line":46,"column":21},"end":{"line":46,"column":31}},"18":{"start":{"line":47,"column":4},"end":{"line":55,"column":5}},"19":{"start":{"line":48,"column":6},"end":{"line":48,"column":46}},"20":{"start":{"line":49,"column":22},"end":{"line":49,"column":63}},"21":{"start":{"line":50,"column":6},"end":{"line":54,"column":7}},"22":{"start":{"line":51,"column":8},"end":{"line":51,"column":33}},"23":{"start":{"line":53,"column":8},"end":{"line":53,"column":46}},"24":{"start":{"line":58,"column":2},"end":{"line":69,"column":26}},"25":{"start":{"line":59,"column":4},"end":{"line":68,"column":5}},"26":{"start":{"line":60,"column":24},"end":{"line":60,"column":34}},"27":{"start":{"line":61,"column":24},"end":{"line":61,"column":26}},"28":{"start":{"line":62,"column":6},"end":{"line":62,"column":54}},"29":{"start":{"line":63,"column":6},"end":{"line":63,"column":57}},"30":{"start":{"line":64,"column":6},"end":{"line":66,"column":9}},"31":{"start":{"line":65,"column":8},"end":{"line":65,"column":30}},"32":{"start":{"line":67,"column":6},"end":{"line":67,"column":46}},"33":{"start":{"line":71,"column":21},"end":{"line":80,"column":3}},"34":{"start":{"line":72,"column":4},"end":{"line":79,"column":5}},"35":{"start":{"line":73,"column":24},"end":{"line":73,"column":34}},"36":{"start":{"line":74,"column":24},"end":{"line":74,"column":26}},"37":{"start":{"line":75,"column":6},"end":{"line":75,"column":53}},"38":{"start":{"line":76,"column":6},"end":{"line":76,"column":49}},"39":{"start":{"line":77,"column":6},"end":{"line":77,"column":76}},"40":{"start":{"line":78,"column":6},"end":{"line":78,"column":46}},"41":{"start":{"line":82,"column":21},"end":{"line":91,"column":3}},"42":{"start":{"line":83,"column":4},"end":{"line":90,"column":5}},"43":{"start":{"line":84,"column":24},"end":{"line":84,"column":34}},"44":{"start":{"line":85,"column":24},"end":{"line":85,"column":26}},"45":{"start":{"line":86,"column":6},"end":{"line":86,"column":53}},"46":{"start":{"line":87,"column":6},"end":{"line":87,"column":49}},"47":{"start":{"line":88,"column":6},"end":{"line":88,"column":76}},"48":{"start":{"line":89,"column":6},"end":{"line":89,"column":46}},"49":{"start":{"line":93,"column":2},"end":{"line":114,"column":4}},"50":{"start":{"line":96,"column":45},"end":{"line":96,"column":63}},"51":{"start":{"line":98,"column":70},"end":{"line":98,"column":90}},"52":{"start":{"line":117,"column":0},"end":{"line":120,"column":2}}},"fnMap":{"0":{"name":"(anonymous_0)","decl":{"start":{"line":9,"column":23},"end":{"line":9,"column":24}},"loc":{"start":{"line":9,"column":60},"end":{"line":115,"column":1}},"line":9},"1":{"name":"(anonymous_1)","decl":{"start":{"line":13,"column":23},"end":{"line":13,"column":24}},"loc":{"start":{"line":14,"column":4},"end":{"line":20,"column":6}},"line":14},"2":{"name":"(anonymous_2)","decl":{"start":{"line":23,"column":24},"end":{"line":23,"column":25}},"loc":{"start":{"line":23,"column":30},"end":{"line":31,"column":3}},"line":23},"3":{"name":"(anonymous_3)","decl":{"start":{"line":25,"column":27},"end":{"line":25,"column":28}},"loc":{"start":{"line":25,"column":37},"end":{"line":29,"column":5}},"line":25},"4":{"name":"(anonymous_4)","decl":{"start":{"line":34,"column":34},"end":{"line":34,"column":35}},"loc":{"start":{"line":34,"column":42},"end":{"line":37,"column":3}},"line":34},"5":{"name":"(anonymous_5)","decl":{"start":{"line":40,"column":12},"end":{"line":40,"column":13}},"loc":{"start":{"line":40,"column":18},"end":{"line":42,"column":3}},"line":40},"6":{"name":"(anonymous_6)","decl":{"start":{"line":44,"column":28},"end":{"line":44,"column":29}},"loc":{"start":{"line":44,"column":34},"end":{"line":56,"column":3}},"line":44},"7":{"name":"(anonymous_7)","decl":{"start":{"line":58,"column":12},"end":{"line":58,"column":13}},"loc":{"start":{"line":58,"column":18},"end":{"line":69,"column":3}},"line":58},"8":{"name":"(anonymous_8)","decl":{"start":{"line":64,"column":41},"end":{"line":64,"column":42}},"loc":{"start":{"line":65,"column":8},"end":{"line":65,"column":30}},"line":65},"9":{"name":"(anonymous_9)","decl":{"start":{"line":71,"column":21},"end":{"line":71,"column":22}},"loc":{"start":{"line":71,"column":27},"end":{"line":80,"column":3}},"line":71},"10":{"name":"(anonymous_10)","decl":{"start":{"line":82,"column":21},"end":{"line":82,"column":22}},"loc":{"start":{"line":82,"column":27},"end":{"line":91,"column":3}},"line":82},"11":{"name":"(anonymous_11)","decl":{"start":{"line":96,"column":37},"end":{"line":96,"column":38}},"loc":{"start":{"line":96,"column":43},"end":{"line":96,"column":65}},"line":96},"12":{"name":"(anonymous_12)","decl":{"start":{"line":98,"column":62},"end":{"line":98,"column":63}},"loc":{"start":{"line":98,"column":68},"end":{"line":98,"column":92}},"line":98}},"branchMap":{"0":{"loc":{"start":{"line":47,"column":4},"end":{"line":55,"column":5}},"type":"if","locations":[{"start":{"line":47,"column":4},"end":{"line":55,"column":5}},{"start":{"line":47,"column":4},"end":{"line":55,"column":5}}],"line":47},"1":{"loc":{"start":{"line":47,"column":8},"end":{"line":47,"column":58}},"type":"binary-expr","locations":[{"start":{"line":47,"column":8},"end":{"line":47,"column":28}},{"start":{"line":47,"column":32},"end":{"line":47,"column":58}}],"line":47},"2":{"loc":{"start":{"line":50,"column":6},"end":{"line":54,"column":7}},"type":"if","locations":[{"start":{"line":50,"column":6},"end":{"line":54,"column":7}},{"start":{"line":50,"column":6},"end":{"line":54,"column":7}}],"line":50},"3":{"loc":{"start":{"line":59,"column":4},"end":{"line":68,"column":5}},"type":"if","locations":[{"start":{"line":59,"column":4},"end":{"line":68,"column":5}},{"start":{"line":59,"column":4},"end":{"line":68,"column":5}}],"line":59},"4":{"loc":{"start":{"line":62,"column":24},"end":{"line":62,"column":53}},"type":"binary-expr","locations":[{"start":{"line":62,"column":24},"end":{"line":62,"column":48}},{"start":{"line":62,"column":52},"end":{"line":62,"column":53}}],"line":62},"5":{"loc":{"start":{"line":72,"column":4},"end":{"line":79,"column":5}},"type":"if","locations":[{"start":{"line":72,"column":4},"end":{"line":79,"column":5}},{"start":{"line":72,"column":4},"end":{"line":79,"column":5}}],"line":72},"6":{"loc":{"start":{"line":83,"column":4},"end":{"line":90,"column":5}},"type":"if","locations":[{"start":{"line":83,"column":4},"end":{"line":90,"column":5}},{"start":{"line":83,"column":4},"end":{"line":90,"column":5}}],"line":83}},"s":{"0":0,"1":0,"2":0,"3":0,"4":0,"5":0,"6":0,"7":0,"8":0,"9":0,"10":0,"11":0,"12":0,"13":0,"14":0,"15":0,"16":0,"17":0,"18":0,"19":0,"20":0,"21":0,"22":0,"23":0,"24":0,"25":0,"26":0,"27":0,"28":0,"29":0,"30":0,"31":0,"32":0,"33":0,"34":0,"35":0,"36":0,"37":0,"38":0,"39":0,"40":0,"41":0,"42":0,"43":0,"44":0,"45":0,"46":0,"47":0,"48":0,"49":0,"50":0,"51":0,"52":0},"f":{"0":0,"1":0,"2":0,"3":0,"4":0,"5":0,"6":0,"7":0,"8":0,"9":0,"10":0,"11":0,"12":0},"b":{"0":[0,0],"1":[0,0],"2":[0,0],"3":[0,0],"4":[0,0],"5":[0,0],"6":[0,0]}}
,"/home/karim/Documents/work/HRJO4/FEC/nodolla_FEC/client/app/components/Carousels/OutfitCarousel/storeAPI.jsx": {"path":"/home/karim/Documents/work/HRJO4/FEC/nodolla_FEC/client/app/components/Carousels/OutfitCarousel/storeAPI.jsx","statementMap":{"0":{"start":{"line":6,"column":14},"end":{"line":6,"column":16}},"1":{"start":{"line":21,"column":0},"end":{"line":28,"column":2}},"2":{"start":{"line":22,"column":2},"end":{"line":27,"column":3}},"3":{"start":{"line":23,"column":4},"end":{"line":23,"column":53}},"4":{"start":{"line":25,"column":4},"end":{"line":26,"column":80}},"5":{"start":{"line":41,"column":0},"end":{"line":43,"column":2}},"6":{"start":{"line":42,"column":2},"end":{"line":42,"column":39}},"7":{"start":{"line":55,"column":0},"end":{"line":65,"column":2}},"8":{"start":{"line":56,"column":38},"end":{"line":56,"column":50}},"9":{"start":{"line":57,"column":23},"end":{"line":57,"column":25}},"10":{"start":{"line":58,"column":15},"end":{"line":58,"column":40}},"11":{"start":{"line":60,"column":2},"end":{"line":62,"column":5}},"12":{"start":{"line":61,"column":4},"end":{"line":61,"column":38}},"13":{"start":{"line":64,"column":2},"end":{"line":64,"column":22}},"14":{"start":{"line":77,"column":0},"end":{"line":82,"column":2}},"15":{"start":{"line":78,"column":2},"end":{"line":80,"column":3}},"16":{"start":{"line":79,"column":4},"end":{"line":79,"column":16}},"17":{"start":{"line":81,"column":2},"end":{"line":81,"column":15}},"18":{"start":{"line":95,"column":0},"end":{"line":99,"column":2}},"19":{"start":{"line":96,"column":19},"end":{"line":96,"column":33}},"20":{"start":{"line":97,"column":2},"end":{"line":97,"column":31}},"21":{"start":{"line":98,"column":2},"end":{"line":98,"column":18}},"22":{"start":{"line":110,"column":0},"end":{"line":112,"column":2}},"23":{"start":{"line":111,"column":2},"end":{"line":111,"column":23}},"24":{"start":{"line":123,"column":0},"end":{"line":125,"column":2}},"25":{"start":{"line":124,"column":2},"end":{"line":124,"column":21}},"26":{"start":{"line":139,"column":0},"end":{"line":146,"column":2}},"27":{"start":{"line":140,"column":2},"end":{"line":145,"column":3}},"28":{"start":{"line":141,"column":4},"end":{"line":141,"column":56}},"29":{"start":{"line":143,"column":4},"end":{"line":144,"column":62}},"30":{"start":{"line":157,"column":0},"end":{"line":159,"column":2}},"31":{"start":{"line":158,"column":2},"end":{"line":158,"column":30}}},"fnMap":{"0":{"name":"(anonymous_0)","decl":{"start":{"line":21,"column":13},"end":{"line":21,"column":14}},"loc":{"start":{"line":21,"column":29},"end":{"line":28,"column":1}},"line":21},"1":{"name":"(anonymous_1)","decl":{"start":{"line":41,"column":12},"end":{"line":41,"column":13}},"loc":{"start":{"line":42,"column":2},"end":{"line":42,"column":39}},"line":42},"2":{"name":"(anonymous_2)","decl":{"start":{"line":55,"column":15},"end":{"line":55,"column":16}},"loc":{"start":{"line":55,"column":21},"end":{"line":65,"column":1}},"line":55},"3":{"name":"(anonymous_3)","decl":{"start":{"line":60,"column":15},"end":{"line":60,"column":16}},"loc":{"start":{"line":60,"column":24},"end":{"line":62,"column":3}},"line":60},"4":{"name":"(anonymous_4)","decl":{"start":{"line":77,"column":12},"end":{"line":77,"column":13}},"loc":{"start":{"line":77,"column":21},"end":{"line":82,"column":1}},"line":77},"5":{"name":"(anonymous_5)","decl":{"start":{"line":95,"column":15},"end":{"line":95,"column":16}},"loc":{"start":{"line":95,"column":24},"end":{"line":99,"column":1}},"line":95},"6":{"name":"(anonymous_6)","decl":{"start":{"line":110,"column":18},"end":{"line":110,"column":19}},"loc":{"start":{"line":110,"column":24},"end":{"line":112,"column":1}},"line":110},"7":{"name":"(anonymous_7)","decl":{"start":{"line":123,"column":13},"end":{"line":123,"column":14}},"loc":{"start":{"line":124,"column":2},"end":{"line":124,"column":21}},"line":124},"8":{"name":"(anonymous_8)","decl":{"start":{"line":139,"column":15},"end":{"line":139,"column":16}},"loc":{"start":{"line":139,"column":34},"end":{"line":146,"column":1}},"line":139},"9":{"name":"(anonymous_9)","decl":{"start":{"line":157,"column":27},"end":{"line":157,"column":28}},"loc":{"start":{"line":158,"column":2},"end":{"line":158,"column":30}},"line":158}},"branchMap":{"0":{"loc":{"start":{"line":22,"column":2},"end":{"line":27,"column":3}},"type":"if","locations":[{"start":{"line":22,"column":2},"end":{"line":27,"column":3}},{"start":{"line":22,"column":2},"end":{"line":27,"column":3}}],"line":22},"1":{"loc":{"start":{"line":78,"column":2},"end":{"line":80,"column":3}},"type":"if","locations":[{"start":{"line":78,"column":2},"end":{"line":80,"column":3}},{"start":{"line":78,"column":2},"end":{"line":80,"column":3}}],"line":78},"2":{"loc":{"start":{"line":140,"column":2},"end":{"line":145,"column":3}},"type":"if","locations":[{"start":{"line":140,"column":2},"end":{"line":145,"column":3}},{"start":{"line":140,"column":2},"end":{"line":145,"column":3}}],"line":140}},"s":{"0":0,"1":0,"2":0,"3":0,"4":0,"5":0,"6":0,"7":0,"8":0,"9":0,"10":0,"11":0,"12":0,"13":0,"14":0,"15":0,"16":0,"17":0,"18":0,"19":0,"20":0,"21":0,"22":0,"23":0,"24":0,"25":0,"26":0,"27":0,"28":0,"29":0,"30":0,"31":0},"f":{"0":0,"1":0,"2":0,"3":0,"4":0,"5":0,"6":0,"7":0,"8":0,"9":0},"b":{"0":[0,0],"1":[0,0],"2":[0,0]}}
,"/home/karim/Documents/work/HRJO4/FEC/nodolla_FEC/client/app/components/Carousels/RelatedProductsCarousel/RelatedProductsCarousel.jsx": {"path":"/home/karim/Documents/work/HRJO4/FEC/nodolla_FEC/client/app/components/Carousels/RelatedProductsCarousel/RelatedProductsCarousel.jsx","statementMap":{"0":{"start":{"line":12,"column":32},"end":{"line":84,"column":1}},"1":{"start":{"line":13,"column":54},"end":{"line":13,"column":66}},"2":{"start":{"line":15,"column":35},"end":{"line":56,"column":3}},"3":{"start":{"line":16,"column":23},"end":{"line":16,"column":25}},"4":{"start":{"line":17,"column":25},"end":{"line":17,"column":57}},"5":{"start":{"line":18,"column":4},"end":{"line":20,"column":7}},"6":{"start":{"line":19,"column":6},"end":{"line":19,"column":36}},"7":{"start":{"line":21,"column":4},"end":{"line":21,"column":65}},"8":{"start":{"line":21,"column":37},"end":{"line":21,"column":61}},"9":{"start":{"line":22,"column":4},"end":{"line":55,"column":9}},"10":{"start":{"line":23,"column":6},"end":{"line":23,"column":34}},"11":{"start":{"line":26,"column":8},"end":{"line":29,"column":11}},"12":{"start":{"line":27,"column":10},"end":{"line":27,"column":54}},"13":{"start":{"line":28,"column":10},"end":{"line":28,"column":62}},"14":{"start":{"line":30,"column":8},"end":{"line":32,"column":12}},"15":{"start":{"line":31,"column":10},"end":{"line":31,"column":45}},"16":{"start":{"line":35,"column":8},"end":{"line":40,"column":11}},"17":{"start":{"line":36,"column":31},"end":{"line":36,"column":69}},"18":{"start":{"line":37,"column":10},"end":{"line":37,"column":80}},"19":{"start":{"line":38,"column":10},"end":{"line":38,"column":72}},"20":{"start":{"line":39,"column":10},"end":{"line":39,"column":64}},"21":{"start":{"line":41,"column":8},"end":{"line":43,"column":12}},"22":{"start":{"line":42,"column":10},"end":{"line":42,"column":42}},"23":{"start":{"line":46,"column":8},"end":{"line":49,"column":11}},"24":{"start":{"line":47,"column":30},"end":{"line":47,"column":43}},"25":{"start":{"line":48,"column":10},"end":{"line":48,"column":59}},"26":{"start":{"line":50,"column":8},"end":{"line":50,"column":42}},"27":{"start":{"line":53,"column":8},"end":{"line":53,"column":42}},"28":{"start":{"line":54,"column":8},"end":{"line":54,"column":27}},"29":{"start":{"line":58,"column":2},"end":{"line":62,"column":27}},"30":{"start":{"line":59,"column":4},"end":{"line":61,"column":5}},"31":{"start":{"line":60,"column":6},"end":{"line":60,"column":33}},"32":{"start":{"line":64,"column":2},"end":{"line":83,"column":4}},"33":{"start":{"line":71,"column":12},"end":{"line":77,"column":14}},"34":{"start":{"line":86,"column":0},"end":{"line":90,"column":2}}},"fnMap":{"0":{"name":"(anonymous_0)","decl":{"start":{"line":12,"column":32},"end":{"line":12,"column":33}},"loc":{"start":{"line":12,"column":99},"end":{"line":84,"column":1}},"line":12},"1":{"name":"(anonymous_1)","decl":{"start":{"line":15,"column":35},"end":{"line":15,"column":36}},"loc":{"start":{"line":15,"column":41},"end":{"line":56,"column":3}},"line":15},"2":{"name":"(anonymous_2)","decl":{"start":{"line":18,"column":43},"end":{"line":18,"column":44}},"loc":{"start":{"line":19,"column":6},"end":{"line":19,"column":36}},"line":19},"3":{"name":"(anonymous_3)","decl":{"start":{"line":21,"column":27},"end":{"line":21,"column":28}},"loc":{"start":{"line":21,"column":35},"end":{"line":21,"column":63}},"line":21},"4":{"name":"(anonymous_4)","decl":{"start":{"line":22,"column":35},"end":{"line":22,"column":36}},"loc":{"start":{"line":23,"column":6},"end":{"line":23,"column":34}},"line":23},"5":{"name":"(anonymous_5)","decl":{"start":{"line":25,"column":12},"end":{"line":25,"column":13}},"loc":{"start":{"line":25,"column":35},"end":{"line":33,"column":7}},"line":25},"6":{"name":"(anonymous_6)","decl":{"start":{"line":26,"column":34},"end":{"line":26,"column":35}},"loc":{"start":{"line":26,"column":55},"end":{"line":29,"column":9}},"line":26},"7":{"name":"(anonymous_7)","decl":{"start":{"line":30,"column":46},"end":{"line":30,"column":47}},"loc":{"start":{"line":31,"column":10},"end":{"line":31,"column":45}},"line":31},"8":{"name":"(anonymous_8)","decl":{"start":{"line":34,"column":12},"end":{"line":34,"column":13}},"loc":{"start":{"line":34,"column":33},"end":{"line":44,"column":7}},"line":34},"9":{"name":"(anonymous_9)","decl":{"start":{"line":35,"column":32},"end":{"line":35,"column":33}},"loc":{"start":{"line":35,"column":53},"end":{"line":40,"column":9}},"line":35},"10":{"name":"(anonymous_10)","decl":{"start":{"line":41,"column":46},"end":{"line":41,"column":47}},"loc":{"start":{"line":42,"column":10},"end":{"line":42,"column":42}},"line":42},"11":{"name":"(anonymous_11)","decl":{"start":{"line":45,"column":12},"end":{"line":45,"column":13}},"loc":{"start":{"line":45,"column":34},"end":{"line":51,"column":7}},"line":45},"12":{"name":"(anonymous_12)","decl":{"start":{"line":46,"column":33},"end":{"line":46,"column":34}},"loc":{"start":{"line":46,"column":54},"end":{"line":49,"column":9}},"line":46},"13":{"name":"(anonymous_13)","decl":{"start":{"line":52,"column":13},"end":{"line":52,"column":14}},"loc":{"start":{"line":52,"column":22},"end":{"line":55,"column":7}},"line":52},"14":{"name":"(anonymous_14)","decl":{"start":{"line":58,"column":12},"end":{"line":58,"column":13}},"loc":{"start":{"line":58,"column":18},"end":{"line":62,"column":3}},"line":58},"15":{"name":"(anonymous_15)","decl":{"start":{"line":70,"column":34},"end":{"line":70,"column":35}},"loc":{"start":{"line":71,"column":12},"end":{"line":77,"column":14}},"line":71}},"branchMap":{"0":{"loc":{"start":{"line":12,"column":53},"end":{"line":12,"column":76}},"type":"default-arg","locations":[{"start":{"line":12,"column":74},"end":{"line":12,"column":76}}],"line":12},"1":{"loc":{"start":{"line":59,"column":4},"end":{"line":61,"column":5}},"type":"if","locations":[{"start":{"line":59,"column":4},"end":{"line":61,"column":5}},{"start":{"line":59,"column":4},"end":{"line":61,"column":5}}],"line":59}},"s":{"0":0,"1":0,"2":0,"3":0,"4":0,"5":0,"6":0,"7":0,"8":0,"9":0,"10":0,"11":0,"12":0,"13":0,"14":0,"15":0,"16":0,"17":0,"18":0,"19":0,"20":0,"21":0,"22":0,"23":0,"24":0,"25":0,"26":0,"27":0,"28":0,"29":0,"30":0,"31":0,"32":0,"33":0,"34":0},"f":{"0":0,"1":0,"2":0,"3":0,"4":0,"5":0,"6":0,"7":0,"8":0,"9":0,"10":0,"11":0,"12":0,"13":0,"14":0,"15":0},"b":{"0":[0],"1":[0,0]}}
,"/home/karim/Documents/work/HRJO4/FEC/nodolla_FEC/client/app/components/ProductOverview/ProductOverview.jsx": {"path":"/home/karim/Documents/work/HRJO4/FEC/nodolla_FEC/client/app/components/ProductOverview/ProductOverview.jsx","statementMap":{"0":{"start":{"line":10,"column":24},"end":{"line":63,"column":1}},"1":{"start":{"line":11,"column":2},"end":{"line":50,"column":3}},"2":{"start":{"line":12,"column":48},"end":{"line":12,"column":79}},"3":{"start":{"line":13,"column":46},"end":{"line":13,"column":65}},"4":{"start":{"line":15,"column":4},"end":{"line":18,"column":26}},"5":{"start":{"line":16,"column":6},"end":{"line":16,"column":53}},"6":{"start":{"line":16,"column":30},"end":{"line":16,"column":51}},"7":{"start":{"line":17,"column":6},"end":{"line":17,"column":40}},"8":{"start":{"line":17,"column":29},"end":{"line":17,"column":38}},"9":{"start":{"line":20,"column":32},"end":{"line":23,"column":5}},"10":{"start":{"line":21,"column":6},"end":{"line":21,"column":30}},"11":{"start":{"line":22,"column":6},"end":{"line":22,"column":31}},"12":{"start":{"line":25,"column":4},"end":{"line":49,"column":6}},"13":{"start":{"line":52,"column":2},"end":{"line":62,"column":4}},"14":{"start":{"line":65,"column":0},"end":{"line":68,"column":2}}},"fnMap":{"0":{"name":"(anonymous_0)","decl":{"start":{"line":10,"column":24},"end":{"line":10,"column":25}},"loc":{"start":{"line":10,"column":49},"end":{"line":63,"column":1}},"line":10},"1":{"name":"(anonymous_1)","decl":{"start":{"line":15,"column":14},"end":{"line":15,"column":15}},"loc":{"start":{"line":15,"column":20},"end":{"line":18,"column":5}},"line":15},"2":{"name":"(anonymous_2)","decl":{"start":{"line":16,"column":24},"end":{"line":16,"column":25}},"loc":{"start":{"line":16,"column":30},"end":{"line":16,"column":51}},"line":16},"3":{"name":"(anonymous_3)","decl":{"start":{"line":17,"column":23},"end":{"line":17,"column":24}},"loc":{"start":{"line":17,"column":29},"end":{"line":17,"column":38}},"line":17},"4":{"name":"(anonymous_4)","decl":{"start":{"line":20,"column":32},"end":{"line":20,"column":33}},"loc":{"start":{"line":20,"column":50},"end":{"line":23,"column":5}},"line":20}},"branchMap":{"0":{"loc":{"start":{"line":11,"column":2},"end":{"line":50,"column":3}},"type":"if","locations":[{"start":{"line":11,"column":2},"end":{"line":50,"column":3}},{"start":{"line":11,"column":2},"end":{"line":50,"column":3}}],"line":11}},"s":{"0":0,"1":0,"2":0,"3":0,"4":0,"5":0,"6":0,"7":0,"8":0,"9":0,"10":0,"11":0,"12":0,"13":0,"14":0},"f":{"0":0,"1":0,"2":0,"3":0,"4":0},"b":{"0":[0,0]}}
,"/home/karim/Documents/work/HRJO4/FEC/nodolla_FEC/client/app/components/ProductOverview/ProductCart/ProductCart.jsx": {"path":"/home/karim/Documents/work/HRJO4/FEC/nodolla_FEC/client/app/components/ProductOverview/ProductCart/ProductCart.jsx","statementMap":{"0":{"start":{"line":3,"column":20},"end":{"line":16,"column":1}},"1":{"start":{"line":4,"column":2},"end":{"line":11,"column":3}},"2":{"start":{"line":5,"column":4},"end":{"line":5,"column":27}},"3":{"start":{"line":6,"column":4},"end":{"line":10,"column":6}},"4":{"start":{"line":13,"column":2},"end":{"line":15,"column":4}}},"fnMap":{"0":{"name":"(anonymous_0)","decl":{"start":{"line":3,"column":20},"end":{"line":3,"column":21}},"loc":{"start":{"line":3,"column":34},"end":{"line":16,"column":1}},"line":3}},"branchMap":{"0":{"loc":{"start":{"line":4,"column":2},"end":{"line":11,"column":3}},"type":"if","locations":[{"start":{"line":4,"column":2},"end":{"line":11,"column":3}},{"start":{"line":4,"column":2},"end":{"line":11,"column":3}}],"line":4}},"s":{"0":0,"1":0,"2":0,"3":0,"4":0},"f":{"0":0},"b":{"0":[0,0]}}
,"/home/karim/Documents/work/HRJO4/FEC/nodolla_FEC/client/app/components/ProductOverview/ProductCategoryAndTitle/ProductCategoryAndTitle.jsx": {"path":"/home/karim/Documents/work/HRJO4/FEC/nodolla_FEC/client/app/components/ProductOverview/ProductCategoryAndTitle/ProductCategoryAndTitle.jsx","statementMap":{"0":{"start":{"line":5,"column":32},"end":{"line":17,"column":1}},"1":{"start":{"line":6,"column":2},"end":{"line":16,"column":4}}},"fnMap":{"0":{"name":"(anonymous_0)","decl":{"start":{"line":5,"column":32},"end":{"line":5,"column":33}},"loc":{"start":{"line":5,"column":56},"end":{"line":17,"column":1}},"line":5}},"branchMap":{},"s":{"0":0,"1":0},"f":{"0":0},"b":{}}
,"/home/karim/Documents/work/HRJO4/FEC/nodolla_FEC/client/app/components/ProductOverview/ProductImageGallery/ProductImageGallery.jsx": {"path":"/home/karim/Documents/work/HRJO4/FEC/nodolla_FEC/client/app/components/ProductOverview/ProductImageGallery/ProductImageGallery.jsx","statementMap":{"0":{"start":{"line":8,"column":28},"end":{"line":71,"column":1}},"1":{"start":{"line":9,"column":2},"end":{"line":67,"column":3}},"2":{"start":{"line":10,"column":19},"end":{"line":10,"column":24}},"3":{"start":{"line":11,"column":44},"end":{"line":11,"column":55}},"4":{"start":{"line":12,"column":40},"end":{"line":12,"column":56}},"5":{"start":{"line":14,"column":4},"end":{"line":16,"column":16}},"6":{"start":{"line":15,"column":6},"end":{"line":15,"column":25}},"7":{"start":{"line":17,"column":31},"end":{"line":21,"column":5}},"8":{"start":{"line":18,"column":6},"end":{"line":20,"column":7}},"9":{"start":{"line":19,"column":8},"end":{"line":19,"column":42}},"10":{"start":{"line":23,"column":30},"end":{"line":27,"column":5}},"11":{"start":{"line":24,"column":6},"end":{"line":26,"column":7}},"12":{"start":{"line":25,"column":8},"end":{"line":25,"column":42}},"13":{"start":{"line":29,"column":24},"end":{"line":31,"column":5}},"14":{"start":{"line":30,"column":6},"end":{"line":30,"column":37}},"15":{"start":{"line":30,"column":30},"end":{"line":30,"column":35}},"16":{"start":{"line":33,"column":35},"end":{"line":35,"column":5}},"17":{"start":{"line":34,"column":6},"end":{"line":34,"column":29}},"18":{"start":{"line":37,"column":4},"end":{"line":66,"column":6}},"19":{"start":{"line":68,"column":2},"end":{"line":70,"column":4}},"20":{"start":{"line":73,"column":0},"end":{"line":75,"column":2}}},"fnMap":{"0":{"name":"(anonymous_0)","decl":{"start":{"line":8,"column":28},"end":{"line":8,"column":29}},"loc":{"start":{"line":8,"column":43},"end":{"line":71,"column":1}},"line":8},"1":{"name":"(anonymous_1)","decl":{"start":{"line":14,"column":14},"end":{"line":14,"column":15}},"loc":{"start":{"line":14,"column":20},"end":{"line":16,"column":5}},"line":14},"2":{"name":"(anonymous_2)","decl":{"start":{"line":17,"column":31},"end":{"line":17,"column":32}},"loc":{"start":{"line":17,"column":37},"end":{"line":21,"column":5}},"line":17},"3":{"name":"(anonymous_3)","decl":{"start":{"line":23,"column":30},"end":{"line":23,"column":31}},"loc":{"start":{"line":23,"column":36},"end":{"line":27,"column":5}},"line":23},"4":{"name":"(anonymous_4)","decl":{"start":{"line":29,"column":24},"end":{"line":29,"column":25}},"loc":{"start":{"line":29,"column":30},"end":{"line":31,"column":5}},"line":29},"5":{"name":"(anonymous_5)","decl":{"start":{"line":30,"column":20},"end":{"line":30,"column":21}},"loc":{"start":{"line":30,"column":30},"end":{"line":30,"column":35}},"line":30},"6":{"name":"(anonymous_6)","decl":{"start":{"line":33,"column":35},"end":{"line":33,"column":36}},"loc":{"start":{"line":33,"column":46},"end":{"line":35,"column":5}},"line":33}},"branchMap":{"0":{"loc":{"start":{"line":9,"column":2},"end":{"line":67,"column":3}},"type":"if","locations":[{"start":{"line":9,"column":2},"end":{"line":67,"column":3}},{"start":{"line":9,"column":2},"end":{"line":67,"column":3}}],"line":9},"1":{"loc":{"start":{"line":18,"column":6},"end":{"line":20,"column":7}},"type":"if","locations":[{"start":{"line":18,"column":6},"end":{"line":20,"column":7}},{"start":{"line":18,"column":6},"end":{"line":20,"column":7}}],"line":18},"2":{"loc":{"start":{"line":24,"column":6},"end":{"line":26,"column":7}},"type":"if","locations":[{"start":{"line":24,"column":6},"end":{"line":26,"column":7}},{"start":{"line":24,"column":6},"end":{"line":26,"column":7}}],"line":24},"3":{"loc":{"start":{"line":41,"column":8},"end":{"line":63,"column":11}},"type":"cond-expr","locations":[{"start":{"line":43,"column":12},"end":{"line":50,"column":18}},{"start":{"line":53,"column":12},"end":{"line":62,"column":18}}],"line":41},"4":{"loc":{"start":{"line":44,"column":92},"end":{"line":44,"column":134}},"type":"cond-expr","locations":[{"start":{"line":44,"column":113},"end":{"line":44,"column":121}},{"start":{"line":44,"column":124},"end":{"line":44,"column":134}}],"line":44},"5":{"loc":{"start":{"line":49,"column":95},"end":{"line":49,"column":161}},"type":"cond-expr","locations":[{"start":{"line":49,"column":140},"end":{"line":49,"column":148}},{"start":{"line":49,"column":151},"end":{"line":49,"column":161}}],"line":49}},"s":{"0":0,"1":0,"2":0,"3":0,"4":0,"5":0,"6":0,"7":0,"8":0,"9":0,"10":0,"11":0,"12":0,"13":0,"14":0,"15":0,"16":0,"17":0,"18":0,"19":0,"20":0},"f":{"0":0,"1":0,"2":0,"3":0,"4":0,"5":0,"6":0},"b":{"0":[0,0],"1":[0,0],"2":[0,0],"3":[0,0],"4":[0,0],"5":[0,0]}}
,"/home/karim/Documents/work/HRJO4/FEC/nodolla_FEC/client/app/components/ProductOverview/ProductImageGallery/DefaultView/DefaultView.jsx": {"path":"/home/karim/Documents/work/HRJO4/FEC/nodolla_FEC/client/app/components/ProductOverview/ProductImageGallery/DefaultView/DefaultView.jsx","statementMap":{"0":{"start":{"line":6,"column":20},"end":{"line":19,"column":1}},"1":{"start":{"line":7,"column":2},"end":{"line":15,"column":3}},"2":{"start":{"line":8,"column":4},"end":{"line":14,"column":6}},"3":{"start":{"line":16,"column":2},"end":{"line":18,"column":4}},"4":{"start":{"line":21,"column":0},"end":{"line":24,"column":2}}},"fnMap":{"0":{"name":"(anonymous_0)","decl":{"start":{"line":6,"column":20},"end":{"line":6,"column":21}},"loc":{"start":{"line":6,"column":121},"end":{"line":19,"column":1}},"line":6}},"branchMap":{"0":{"loc":{"start":{"line":7,"column":2},"end":{"line":15,"column":3}},"type":"if","locations":[{"start":{"line":7,"column":2},"end":{"line":15,"column":3}},{"start":{"line":7,"column":2},"end":{"line":15,"column":3}}],"line":7}},"s":{"0":0,"1":0,"2":0,"3":0,"4":0},"f":{"0":0},"b":{"0":[0,0]}}
,"/home/karim/Documents/work/HRJO4/FEC/nodolla_FEC/client/app/components/ProductOverview/ProductImageGallery/ExpandedView/ExpandedView.jsx": {"path":"/home/karim/Documents/work/HRJO4/FEC/nodolla_FEC/client/app/components/ProductOverview/ProductImageGallery/ExpandedView/ExpandedView.jsx","statementMap":{"0":{"start":{"line":6,"column":21},"end":{"line":32,"column":1}},"1":{"start":{"line":7,"column":2},"end":{"line":28,"column":3}},"2":{"start":{"line":8,"column":4},"end":{"line":27,"column":6}},"3":{"start":{"line":29,"column":2},"end":{"line":31,"column":4}}},"fnMap":{"0":{"name":"(anonymous_0)","decl":{"start":{"line":6,"column":21},"end":{"line":6,"column":22}},"loc":{"start":{"line":6,"column":122},"end":{"line":32,"column":1}},"line":6}},"branchMap":{"0":{"loc":{"start":{"line":7,"column":2},"end":{"line":28,"column":3}},"type":"if","locations":[{"start":{"line":7,"column":2},"end":{"line":28,"column":3}},{"start":{"line":7,"column":2},"end":{"line":28,"column":3}}],"line":7}},"s":{"0":0,"1":0,"2":0,"3":0},"f":{"0":0},"b":{"0":[0,0]}}
,"/home/karim/Documents/work/HRJO4/FEC/nodolla_FEC/client/app/components/ProductOverview/ProductImageGallery/ProductThumbnailScroll/ProductThumbnailScroll.jsx": {"path":"/home/karim/Documents/work/HRJO4/FEC/nodolla_FEC/client/app/components/ProductOverview/ProductImageGallery/ProductThumbnailScroll/ProductThumbnailScroll.jsx","statementMap":{"0":{"start":{"line":5,"column":31},"end":{"line":23,"column":1}},"1":{"start":{"line":6,"column":2},"end":{"line":18,"column":3}},"2":{"start":{"line":7,"column":4},"end":{"line":17,"column":6}},"3":{"start":{"line":10,"column":10},"end":{"line":14,"column":11}},"4":{"start":{"line":12,"column":32},"end":{"line":12,"column":90}},"5":{"start":{"line":20,"column":2},"end":{"line":22,"column":4}},"6":{"start":{"line":25,"column":0},"end":{"line":28,"column":2}}},"fnMap":{"0":{"name":"(anonymous_0)","decl":{"start":{"line":5,"column":31},"end":{"line":5,"column":32}},"loc":{"start":{"line":5,"column":91},"end":{"line":23,"column":1}},"line":5},"1":{"name":"(anonymous_1)","decl":{"start":{"line":9,"column":33},"end":{"line":9,"column":34}},"loc":{"start":{"line":9,"column":44},"end":{"line":15,"column":9}},"line":9},"2":{"name":"(anonymous_2)","decl":{"start":{"line":12,"column":26},"end":{"line":12,"column":27}},"loc":{"start":{"line":12,"column":32},"end":{"line":12,"column":90}},"line":12}},"branchMap":{"0":{"loc":{"start":{"line":6,"column":2},"end":{"line":18,"column":3}},"type":"if","locations":[{"start":{"line":6,"column":2},"end":{"line":18,"column":3}},{"start":{"line":6,"column":2},"end":{"line":18,"column":3}}],"line":6},"1":{"loc":{"start":{"line":6,"column":6},"end":{"line":6,"column":62}},"type":"binary-expr","locations":[{"start":{"line":6,"column":6},"end":{"line":6,"column":32}},{"start":{"line":6,"column":36},"end":{"line":6,"column":62}}],"line":6},"2":{"loc":{"start":{"line":12,"column":106},"end":{"line":12,"column":240}},"type":"cond-expr","locations":[{"start":{"line":12,"column":145},"end":{"line":12,"column":199}},{"start":{"line":12,"column":201},"end":{"line":12,"column":240}}],"line":12}},"s":{"0":0,"1":0,"2":0,"3":0,"4":0,"5":0,"6":0},"f":{"0":0,"1":0,"2":0},"b":{"0":[0,0],"1":[0,0],"2":[0,0]}}
,"/home/karim/Documents/work/HRJO4/FEC/nodolla_FEC/client/app/components/ProductOverview/ProductInfo/ProductInfo.jsx": {"path":"/home/karim/Documents/work/HRJO4/FEC/nodolla_FEC/client/app/components/ProductOverview/ProductInfo/ProductInfo.jsx","statementMap":{"0":{"start":{"line":3,"column":20},"end":{"line":14,"column":1}},"1":{"start":{"line":4,"column":2},"end":{"line":13,"column":8}}},"fnMap":{"0":{"name":"(anonymous_0)","decl":{"start":{"line":3,"column":20},"end":{"line":3,"column":21}},"loc":{"start":{"line":4,"column":2},"end":{"line":13,"column":8}},"line":4}},"branchMap":{},"s":{"0":0,"1":0},"f":{"0":0},"b":{}}
,"/home/karim/Documents/work/HRJO4/FEC/nodolla_FEC/client/app/components/ProductOverview/ProductStyleSelector/ProductStyleSelector.jsx": {"path":"/home/karim/Documents/work/HRJO4/FEC/nodolla_FEC/client/app/components/ProductOverview/ProductStyleSelector/ProductStyleSelector.jsx","statementMap":{"0":{"start":{"line":3,"column":29},"end":{"line":25,"column":1}},"1":{"start":{"line":4,"column":2},"end":{"line":20,"column":3}},"2":{"start":{"line":5,"column":4},"end":{"line":19,"column":6}},"3":{"start":{"line":10,"column":10},"end":{"line":15,"column":11}},"4":{"start":{"line":13,"column":56},"end":{"line":13,"column":123}},"5":{"start":{"line":22,"column":2},"end":{"line":24,"column":4}}},"fnMap":{"0":{"name":"(anonymous_0)","decl":{"start":{"line":3,"column":29},"end":{"line":3,"column":30}},"loc":{"start":{"line":3,"column":81},"end":{"line":25,"column":1}},"line":3},"1":{"name":"(anonymous_1)","decl":{"start":{"line":9,"column":20},"end":{"line":9,"column":21}},"loc":{"start":{"line":9,"column":38},"end":{"line":16,"column":9}},"line":9},"2":{"name":"(anonymous_2)","decl":{"start":{"line":13,"column":50},"end":{"line":13,"column":51}},"loc":{"start":{"line":13,"column":56},"end":{"line":13,"column":123}},"line":13}},"branchMap":{"0":{"loc":{"start":{"line":4,"column":2},"end":{"line":20,"column":3}},"type":"if","locations":[{"start":{"line":4,"column":2},"end":{"line":20,"column":3}},{"start":{"line":4,"column":2},"end":{"line":20,"column":3}}],"line":4}},"s":{"0":0,"1":0,"2":0,"3":0,"4":0,"5":0},"f":{"0":0,"1":0,"2":0},"b":{"0":[0,0]}}
,"/home/karim/Documents/work/HRJO4/FEC/nodolla_FEC/client/app/components/RatingsAndReviews/RatingsAndReviews.jsx": {"path":"/home/karim/Documents/work/HRJO4/FEC/nodolla_FEC/client/app/components/RatingsAndReviews/RatingsAndReviews.jsx","statementMap":{"0":{"start":{"line":10,"column":26},"end":{"line":90,"column":1}},"1":{"start":{"line":13,"column":38},"end":{"line":13,"column":50}},"2":{"start":{"line":14,"column":36},"end":{"line":14,"column":56}},"3":{"start":{"line":15,"column":46},"end":{"line":15,"column":57}},"4":{"start":{"line":18,"column":2},"end":{"line":28,"column":18}},"5":{"start":{"line":19,"column":4},"end":{"line":27,"column":5}},"6":{"start":{"line":20,"column":6},"end":{"line":26,"column":11}},"7":{"start":{"line":22,"column":10},"end":{"line":22,"column":47}},"8":{"start":{"line":25,"column":10},"end":{"line":25,"column":61}},"9":{"start":{"line":30,"column":2},"end":{"line":40,"column":18}},"10":{"start":{"line":31,"column":4},"end":{"line":39,"column":5}},"11":{"start":{"line":32,"column":6},"end":{"line":38,"column":11}},"12":{"start":{"line":34,"column":10},"end":{"line":34,"column":47}},"13":{"start":{"line":37,"column":10},"end":{"line":37,"column":61}},"14":{"start":{"line":42,"column":34},"end":{"line":54,"column":3}},"15":{"start":{"line":43,"column":4},"end":{"line":50,"column":5}},"16":{"start":{"line":44,"column":6},"end":{"line":49,"column":8}},"17":{"start":{"line":51,"column":4},"end":{"line":53,"column":6}},"18":{"start":{"line":56,"column":2},"end":{"line":89,"column":4}},"19":{"start":{"line":64,"column":39},"end":{"line":64,"column":72}},"20":{"start":{"line":92,"column":0},"end":{"line":96,"column":2}}},"fnMap":{"0":{"name":"(anonymous_0)","decl":{"start":{"line":10,"column":26},"end":{"line":10,"column":27}},"loc":{"start":{"line":10,"column":68},"end":{"line":90,"column":1}},"line":10},"1":{"name":"(anonymous_1)","decl":{"start":{"line":18,"column":12},"end":{"line":18,"column":13}},"loc":{"start":{"line":18,"column":18},"end":{"line":28,"column":3}},"line":18},"2":{"name":"(anonymous_2)","decl":{"start":{"line":21,"column":14},"end":{"line":21,"column":15}},"loc":{"start":{"line":21,"column":28},"end":{"line":23,"column":9}},"line":21},"3":{"name":"(anonymous_3)","decl":{"start":{"line":24,"column":15},"end":{"line":24,"column":16}},"loc":{"start":{"line":24,"column":24},"end":{"line":26,"column":9}},"line":24},"4":{"name":"(anonymous_4)","decl":{"start":{"line":30,"column":12},"end":{"line":30,"column":13}},"loc":{"start":{"line":30,"column":18},"end":{"line":40,"column":3}},"line":30},"5":{"name":"(anonymous_5)","decl":{"start":{"line":33,"column":14},"end":{"line":33,"column":15}},"loc":{"start":{"line":33,"column":28},"end":{"line":35,"column":9}},"line":33},"6":{"name":"(anonymous_6)","decl":{"start":{"line":36,"column":15},"end":{"line":36,"column":16}},"loc":{"start":{"line":36,"column":24},"end":{"line":38,"column":9}},"line":36},"7":{"name":"(anonymous_7)","decl":{"start":{"line":42,"column":34},"end":{"line":42,"column":35}},"loc":{"start":{"line":42,"column":40},"end":{"line":54,"column":3}},"line":42},"8":{"name":"(anonymous_8)","decl":{"start":{"line":64,"column":26},"end":{"line":64,"column":27}},"loc":{"start":{"line":64,"column":37},"end":{"line":64,"column":74}},"line":64}},"branchMap":{"0":{"loc":{"start":{"line":19,"column":4},"end":{"line":27,"column":5}},"type":"if","locations":[{"start":{"line":19,"column":4},"end":{"line":27,"column":5}},{"start":{"line":19,"column":4},"end":{"line":27,"column":5}}],"line":19},"1":{"loc":{"start":{"line":31,"column":4},"end":{"line":39,"column":5}},"type":"if","locations":[{"start":{"line":31,"column":4},"end":{"line":39,"column":5}},{"start":{"line":31,"column":4},"end":{"line":39,"column":5}}],"line":31},"2":{"loc":{"start":{"line":43,"column":4},"end":{"line":50,"column":5}},"type":"if","locations":[{"start":{"line":43,"column":4},"end":{"line":50,"column":5}},{"start":{"line":43,"column":4},"end":{"line":50,"column":5}}],"line":43}},"s":{"0":1,"1":1,"2":1,"3":1,"4":1,"5":0,"6":0,"7":0,"8":0,"9":1,"10":0,"11":0,"12":0,"13":0,"14":1,"15":0,"16":0,"17":0,"18":1,"19":0,"20":1},"f":{"0":1,"1":0,"2":0,"3":0,"4":0,"5":0,"6":0,"7":0,"8":0},"b":{"0":[0,0],"1":[0,0],"2":[0,0]},"_coverageSchema":"1a1c01bbd47fc00a2c39e90264f33305004495a9","hash":"e53e6d9a8bf15734f6bfe01ca8cfc8fe81ce97f8"}
,"/home/karim/Documents/work/HRJO4/FEC/nodolla_FEC/client/app/components/RatingsAndReviews/RatingSummary/RatingSummary.jsx": {"path":"/home/karim/Documents/work/HRJO4/FEC/nodolla_FEC/client/app/components/RatingsAndReviews/RatingSummary/RatingSummary.jsx","statementMap":{"0":{"start":{"line":7,"column":22},"end":{"line":73,"column":1}},"1":{"start":{"line":8,"column":42},"end":{"line":8,"column":53}},"2":{"start":{"line":9,"column":50},"end":{"line":9,"column":61}},"3":{"start":{"line":11,"column":2},"end":{"line":38,"column":17}},"4":{"start":{"line":12,"column":4},"end":{"line":37,"column":5}},"5":{"start":{"line":13,"column":25},"end":{"line":13,"column":26}},"6":{"start":{"line":14,"column":28},"end":{"line":14,"column":29}},"7":{"start":{"line":15,"column":31},"end":{"line":15,"column":67}},"8":{"start":{"line":17,"column":25},"end":{"line":17,"column":59}},"9":{"start":{"line":18,"column":6},"end":{"line":18,"column":34}},"10":{"start":{"line":21,"column":6},"end":{"line":31,"column":7}},"11":{"start":{"line":21,"column":19},"end":{"line":21,"column":20}},"12":{"start":{"line":23,"column":8},"end":{"line":26,"column":9}},"13":{"start":{"line":25,"column":10},"end":{"line":25,"column":53}},"14":{"start":{"line":27,"column":8},"end":{"line":30,"column":9}},"15":{"start":{"line":29,"column":10},"end":{"line":29,"column":56}},"16":{"start":{"line":34,"column":40},"end":{"line":34,"column":95}},"17":{"start":{"line":35,"column":6},"end":{"line":35,"column":86}},"18":{"start":{"line":36,"column":6},"end":{"line":36,"column":55}},"19":{"start":{"line":41,"column":23},"end":{"line":54,"column":3}},"20":{"start":{"line":42,"column":4},"end":{"line":47,"column":5}},"21":{"start":{"line":43,"column":6},"end":{"line":46,"column":8}},"22":{"start":{"line":48,"column":4},"end":{"line":53,"column":6}},"23":{"start":{"line":58,"column":2},"end":{"line":72,"column":4}},"24":{"start":{"line":75,"column":0},"end":{"line":77,"column":2}}},"fnMap":{"0":{"name":"(anonymous_0)","decl":{"start":{"line":7,"column":22},"end":{"line":7,"column":23}},"loc":{"start":{"line":7,"column":40},"end":{"line":73,"column":1}},"line":7},"1":{"name":"(anonymous_1)","decl":{"start":{"line":11,"column":12},"end":{"line":11,"column":13}},"loc":{"start":{"line":11,"column":18},"end":{"line":38,"column":3}},"line":11},"2":{"name":"(anonymous_2)","decl":{"start":{"line":41,"column":23},"end":{"line":41,"column":24}},"loc":{"start":{"line":41,"column":29},"end":{"line":54,"column":3}},"line":41}},"branchMap":{"0":{"loc":{"start":{"line":12,"column":4},"end":{"line":37,"column":5}},"type":"if","locations":[{"start":{"line":12,"column":4},"end":{"line":37,"column":5}},{"start":{"line":12,"column":4},"end":{"line":37,"column":5}}],"line":12},"1":{"loc":{"start":{"line":23,"column":8},"end":{"line":26,"column":9}},"type":"if","locations":[{"start":{"line":23,"column":8},"end":{"line":26,"column":9}},{"start":{"line":23,"column":8},"end":{"line":26,"column":9}}],"line":23},"2":{"loc":{"start":{"line":27,"column":8},"end":{"line":30,"column":9}},"type":"if","locations":[{"start":{"line":27,"column":8},"end":{"line":30,"column":9}},{"start":{"line":27,"column":8},"end":{"line":30,"column":9}}],"line":27},"3":{"loc":{"start":{"line":42,"column":4},"end":{"line":47,"column":5}},"type":"if","locations":[{"start":{"line":42,"column":4},"end":{"line":47,"column":5}},{"start":{"line":42,"column":4},"end":{"line":47,"column":5}}],"line":42},"4":{"loc":{"start":{"line":65,"column":35},"end":{"line":65,"column":55}},"type":"binary-expr","locations":[{"start":{"line":65,"column":35},"end":{"line":65,"column":47}},{"start":{"line":65,"column":51},"end":{"line":65,"column":55}}],"line":65}},"s":{"0":2,"1":5,"2":5,"3":5,"4":2,"5":2,"6":2,"7":2,"8":2,"9":2,"10":2,"11":2,"12":2,"13":2,"14":2,"15":0,"16":2,"17":2,"18":2,"19":5,"20":4,"21":0,"22":4,"23":5,"24":2},"f":{"0":5,"1":2,"2":4},"b":{"0":[2,0],"1":[2,0],"2":[0,2],"3":[0,4],"4":[5,3]},"_coverageSchema":"1a1c01bbd47fc00a2c39e90264f33305004495a9","hash":"b1139eeff9b3149a039c3b0a345bc37fb23e9ab4"}
,"/home/karim/Documents/work/HRJO4/FEC/nodolla_FEC/client/app/components/RatingsAndReviews/ReviewList/ReviewList.jsx": {"path":"/home/karim/Documents/work/HRJO4/FEC/nodolla_FEC/client/app/components/RatingsAndReviews/ReviewList/ReviewList.jsx","statementMap":{"0":{"start":{"line":7,"column":19},"end":{"line":47,"column":1}},"1":{"start":{"line":9,"column":21},"end":{"line":9,"column":23}},"2":{"start":{"line":11,"column":2},"end":{"line":13,"column":5}},"3":{"start":{"line":12,"column":4},"end":{"line":12,"column":81}},"4":{"start":{"line":16,"column":26},"end":{"line":42,"column":3}},"5":{"start":{"line":17,"column":4},"end":{"line":25,"column":5}},"6":{"start":{"line":18,"column":6},"end":{"line":24,"column":8}},"7":{"start":{"line":26,"column":4},"end":{"line":38,"column":5}},"8":{"start":{"line":27,"column":31},"end":{"line":27,"column":33}},"9":{"start":{"line":28,"column":6},"end":{"line":30,"column":7}},"10":{"start":{"line":28,"column":19},"end":{"line":28,"column":20}},"11":{"start":{"line":29,"column":8},"end":{"line":29,"column":49}},"12":{"start":{"line":31,"column":6},"end":{"line":37,"column":8}},"13":{"start":{"line":39,"column":4},"end":{"line":41,"column":6}},"14":{"start":{"line":44,"column":2},"end":{"line":46,"column":4}},"15":{"start":{"line":49,"column":0},"end":{"line":52,"column":2}}},"fnMap":{"0":{"name":"(anonymous_0)","decl":{"start":{"line":7,"column":19},"end":{"line":7,"column":20}},"loc":{"start":{"line":7,"column":55},"end":{"line":47,"column":1}},"line":7},"1":{"name":"(anonymous_1)","decl":{"start":{"line":11,"column":17},"end":{"line":11,"column":18}},"loc":{"start":{"line":11,"column":29},"end":{"line":13,"column":3}},"line":11},"2":{"name":"(anonymous_2)","decl":{"start":{"line":16,"column":26},"end":{"line":16,"column":27}},"loc":{"start":{"line":16,"column":32},"end":{"line":42,"column":3}},"line":16}},"branchMap":{"0":{"loc":{"start":{"line":17,"column":4},"end":{"line":25,"column":5}},"type":"if","locations":[{"start":{"line":17,"column":4},"end":{"line":25,"column":5}},{"start":{"line":17,"column":4},"end":{"line":25,"column":5}}],"line":17},"1":{"loc":{"start":{"line":17,"column":8},"end":{"line":17,"column":70}},"type":"binary-expr","locations":[{"start":{"line":17,"column":8},"end":{"line":17,"column":45}},{"start":{"line":17,"column":49},"end":{"line":17,"column":70}}],"line":17},"2":{"loc":{"start":{"line":26,"column":4},"end":{"line":38,"column":5}},"type":"if","locations":[{"start":{"line":26,"column":4},"end":{"line":38,"column":5}},{"start":{"line":26,"column":4},"end":{"line":38,"column":5}}],"line":26}},"s":{"0":2,"1":2,"2":2,"3":4,"4":2,"5":0,"6":0,"7":0,"8":0,"9":0,"10":0,"11":0,"12":0,"13":0,"14":2,"15":2},"f":{"0":2,"1":4,"2":0},"b":{"0":[0,0],"1":[0,0],"2":[0,0]},"_coverageSchema":"1a1c01bbd47fc00a2c39e90264f33305004495a9","hash":"51cb36ea8aa2f3be944f9249747df25bb9b651b5"}
,"/home/karim/Documents/work/HRJO4/FEC/nodolla_FEC/client/app/components/RatingsAndReviews/ReviewList/ReviewButtonsContainer/AddReviewButton/AddReviewButton.jsx": {"path":"/home/karim/Documents/work/HRJO4/FEC/nodolla_FEC/client/app/components/RatingsAndReviews/ReviewList/ReviewButtonsContainer/AddReviewButton/AddReviewButton.jsx","statementMap":{"0":{"start":{"line":8,"column":24},"end":{"line":63,"column":1}},"1":{"start":{"line":9,"column":36},"end":{"line":9,"column":51}},"2":{"start":{"line":11,"column":28},"end":{"line":15,"column":3}},"3":{"start":{"line":12,"column":4},"end":{"line":12,"column":23}},"4":{"start":{"line":14,"column":4},"end":{"line":14,"column":29}},"5":{"start":{"line":17,"column":29},"end":{"line":46,"column":3}},"6":{"start":{"line":28,"column":4},"end":{"line":28,"column":23}},"7":{"start":{"line":29,"column":4},"end":{"line":44,"column":9}},"8":{"start":{"line":40,"column":8},"end":{"line":40,"column":71}},"9":{"start":{"line":43,"column":8},"end":{"line":43,"column":57}},"10":{"start":{"line":45,"column":4},"end":{"line":45,"column":29}},"11":{"start":{"line":48,"column":2},"end":{"line":62,"column":4}}},"fnMap":{"0":{"name":"(anonymous_0)","decl":{"start":{"line":8,"column":24},"end":{"line":8,"column":25}},"loc":{"start":{"line":8,"column":66},"end":{"line":63,"column":1}},"line":8},"1":{"name":"(anonymous_1)","decl":{"start":{"line":11,"column":28},"end":{"line":11,"column":29}},"loc":{"start":{"line":11,"column":35},"end":{"line":15,"column":3}},"line":11},"2":{"name":"(anonymous_2)","decl":{"start":{"line":17,"column":29},"end":{"line":17,"column":30}},"loc":{"start":{"line":27,"column":7},"end":{"line":46,"column":3}},"line":27},"3":{"name":"(anonymous_3)","decl":{"start":{"line":39,"column":12},"end":{"line":39,"column":13}},"loc":{"start":{"line":39,"column":26},"end":{"line":41,"column":7}},"line":39},"4":{"name":"(anonymous_4)","decl":{"start":{"line":42,"column":13},"end":{"line":42,"column":14}},"loc":{"start":{"line":42,"column":22},"end":{"line":44,"column":7}},"line":42}},"branchMap":{},"s":{"0":1,"1":0,"2":0,"3":0,"4":0,"5":0,"6":0,"7":0,"8":0,"9":0,"10":0,"11":0},"f":{"0":0,"1":0,"2":0,"3":0,"4":0},"b":{},"_coverageSchema":"1a1c01bbd47fc00a2c39e90264f33305004495a9","hash":"efcf25e7b1b715a63eeefc701d90ffb6cfbd7c1b"}
,"/home/karim/Documents/work/HRJO4/FEC/nodolla_FEC/client/app/components/RatingsAndReviews/ReviewList/ReviewButtonsContainer/AddReviewButton/ReviewCharacteristics/ReviewCharacteristic.jsx": {"path":"/home/karim/Documents/work/HRJO4/FEC/nodolla_FEC/client/app/components/RatingsAndReviews/ReviewList/ReviewButtonsContainer/AddReviewButton/ReviewCharacteristics/ReviewCharacteristic.jsx","statementMap":{"0":{"start":{"line":4,"column":29},"end":{"line":139,"column":1}},"1":{"start":{"line":11,"column":50},"end":{"line":11,"column":61}},"2":{"start":{"line":13,"column":26},"end":{"line":18,"column":3}},"3":{"start":{"line":14,"column":4},"end":{"line":14,"column":40}},"4":{"start":{"line":17,"column":4},"end":{"line":17,"column":75}},"5":{"start":{"line":20,"column":21},"end":{"line":20,"column":23}},"6":{"start":{"line":22,"column":2},"end":{"line":28,"column":3}},"7":{"start":{"line":23,"column":4},"end":{"line":23,"column":40}},"8":{"start":{"line":24,"column":4},"end":{"line":24,"column":42}},"9":{"start":{"line":25,"column":4},"end":{"line":25,"column":33}},"10":{"start":{"line":26,"column":4},"end":{"line":26,"column":41}},"11":{"start":{"line":27,"column":4},"end":{"line":27,"column":40}},"12":{"start":{"line":29,"column":2},"end":{"line":35,"column":3}},"13":{"start":{"line":30,"column":4},"end":{"line":30,"column":34}},"14":{"start":{"line":31,"column":4},"end":{"line":31,"column":39}},"15":{"start":{"line":32,"column":4},"end":{"line":32,"column":33}},"16":{"start":{"line":33,"column":4},"end":{"line":33,"column":38}},"17":{"start":{"line":34,"column":4},"end":{"line":34,"column":33}},"18":{"start":{"line":36,"column":2},"end":{"line":42,"column":3}},"19":{"start":{"line":37,"column":4},"end":{"line":37,"column":37}},"20":{"start":{"line":38,"column":4},"end":{"line":38,"column":46}},"21":{"start":{"line":39,"column":4},"end":{"line":39,"column":28}},"22":{"start":{"line":40,"column":4},"end":{"line":40,"column":36}},"23":{"start":{"line":41,"column":4},"end":{"line":41,"column":32}},"24":{"start":{"line":43,"column":2},"end":{"line":49,"column":3}},"25":{"start":{"line":44,"column":4},"end":{"line":44,"column":28}},"26":{"start":{"line":45,"column":4},"end":{"line":45,"column":37}},"27":{"start":{"line":46,"column":4},"end":{"line":46,"column":41}},"28":{"start":{"line":47,"column":4},"end":{"line":47,"column":37}},"29":{"start":{"line":48,"column":4},"end":{"line":48,"column":32}},"30":{"start":{"line":50,"column":2},"end":{"line":56,"column":3}},"31":{"start":{"line":51,"column":4},"end":{"line":51,"column":34}},"32":{"start":{"line":52,"column":4},"end":{"line":52,"column":43}},"33":{"start":{"line":53,"column":4},"end":{"line":53,"column":33}},"34":{"start":{"line":54,"column":4},"end":{"line":54,"column":43}},"35":{"start":{"line":55,"column":4},"end":{"line":55,"column":34}},"36":{"start":{"line":57,"column":2},"end":{"line":63,"column":3}},"37":{"start":{"line":58,"column":4},"end":{"line":58,"column":34}},"38":{"start":{"line":59,"column":4},"end":{"line":59,"column":43}},"39":{"start":{"line":60,"column":4},"end":{"line":60,"column":33}},"40":{"start":{"line":61,"column":4},"end":{"line":61,"column":43}},"41":{"start":{"line":62,"column":4},"end":{"line":62,"column":34}},"42":{"start":{"line":65,"column":32},"end":{"line":106,"column":3}},"43":{"start":{"line":66,"column":4},"end":{"line":102,"column":5}},"44":{"start":{"line":67,"column":6},"end":{"line":73,"column":7}},"45":{"start":{"line":68,"column":8},"end":{"line":72,"column":10}},"46":{"start":{"line":74,"column":6},"end":{"line":80,"column":7}},"47":{"start":{"line":75,"column":8},"end":{"line":79,"column":10}},"48":{"start":{"line":81,"column":6},"end":{"line":87,"column":7}},"49":{"start":{"line":82,"column":8},"end":{"line":86,"column":10}},"50":{"start":{"line":88,"column":6},"end":{"line":94,"column":7}},"51":{"start":{"line":89,"column":8},"end":{"line":93,"column":10}},"52":{"start":{"line":95,"column":6},"end":{"line":101,"column":7}},"53":{"start":{"line":96,"column":8},"end":{"line":100,"column":10}},"54":{"start":{"line":103,"column":4},"end":{"line":105,"column":6}},"55":{"start":{"line":108,"column":2},"end":{"line":138,"column":3}}},"fnMap":{"0":{"name":"(anonymous_0)","decl":{"start":{"line":4,"column":29},"end":{"line":4,"column":30}},"loc":{"start":{"line":4,"column":82},"end":{"line":139,"column":1}},"line":4},"1":{"name":"(anonymous_1)","decl":{"start":{"line":13,"column":26},"end":{"line":13,"column":27}},"loc":{"start":{"line":13,"column":33},"end":{"line":18,"column":3}},"line":13},"2":{"name":"(anonymous_2)","decl":{"start":{"line":65,"column":32},"end":{"line":65,"column":33}},"loc":{"start":{"line":65,"column":38},"end":{"line":106,"column":3}},"line":65}},"branchMap":{"0":{"loc":{"start":{"line":22,"column":2},"end":{"line":28,"column":3}},"type":"if","locations":[{"start":{"line":22,"column":2},"end":{"line":28,"column":3}},{"start":{"line":22,"column":2},"end":{"line":28,"column":3}}],"line":22},"1":{"loc":{"start":{"line":29,"column":2},"end":{"line":35,"column":3}},"type":"if","locations":[{"start":{"line":29,"column":2},"end":{"line":35,"column":3}},{"start":{"line":29,"column":2},"end":{"line":35,"column":3}}],"line":29},"2":{"loc":{"start":{"line":36,"column":2},"end":{"line":42,"column":3}},"type":"if","locations":[{"start":{"line":36,"column":2},"end":{"line":42,"column":3}},{"start":{"line":36,"column":2},"end":{"line":42,"column":3}}],"line":36},"3":{"loc":{"start":{"line":43,"column":2},"end":{"line":49,"column":3}},"type":"if","locations":[{"start":{"line":43,"column":2},"end":{"line":49,"column":3}},{"start":{"line":43,"column":2},"end":{"line":49,"column":3}}],"line":43},"4":{"loc":{"start":{"line":50,"column":2},"end":{"line":56,"column":3}},"type":"if","locations":[{"start":{"line":50,"column":2},"end":{"line":56,"column":3}},{"start":{"line":50,"column":2},"end":{"line":56,"column":3}}],"line":50},"5":{"loc":{"start":{"line":57,"column":2},"end":{"line":63,"column":3}},"type":"if","locations":[{"start":{"line":57,"column":2},"end":{"line":63,"column":3}},{"start":{"line":57,"column":2},"end":{"line":63,"column":3}}],"line":57},"6":{"loc":{"start":{"line":66,"column":4},"end":{"line":102,"column":5}},"type":"if","locations":[{"start":{"line":66,"column":4},"end":{"line":102,"column":5}},{"start":{"line":66,"column":4},"end":{"line":102,"column":5}}],"line":66},"7":{"loc":{"start":{"line":67,"column":6},"end":{"line":73,"column":7}},"type":"if","locations":[{"start":{"line":67,"column":6},"end":{"line":73,"column":7}},{"start":{"line":67,"column":6},"end":{"line":73,"column":7}}],"line":67},"8":{"loc":{"start":{"line":74,"column":6},"end":{"line":80,"column":7}},"type":"if","locations":[{"start":{"line":74,"column":6},"end":{"line":80,"column":7}},{"start":{"line":74,"column":6},"end":{"line":80,"column":7}}],"line":74},"9":{"loc":{"start":{"line":81,"column":6},"end":{"line":87,"column":7}},"type":"if","locations":[{"start":{"line":81,"column":6},"end":{"line":87,"column":7}},{"start":{"line":81,"column":6},"end":{"line":87,"column":7}}],"line":81},"10":{"loc":{"start":{"line":88,"column":6},"end":{"line":94,"column":7}},"type":"if","locations":[{"start":{"line":88,"column":6},"end":{"line":94,"column":7}},{"start":{"line":88,"column":6},"end":{"line":94,"column":7}}],"line":88},"11":{"loc":{"start":{"line":95,"column":6},"end":{"line":101,"column":7}},"type":"if","locations":[{"start":{"line":95,"column":6},"end":{"line":101,"column":7}},{"start":{"line":95,"column":6},"end":{"line":101,"column":7}}],"line":95}},"s":{"0":1,"1":0,"2":0,"3":0,"4":0,"5":0,"6":0,"7":0,"8":0,"9":0,"10":0,"11":0,"12":0,"13":0,"14":0,"15":0,"16":0,"17":0,"18":0,"19":0,"20":0,"21":0,"22":0,"23":0,"24":0,"25":0,"26":0,"27":0,"28":0,"29":0,"30":0,"31":0,"32":0,"33":0,"34":0,"35":0,"36":0,"37":0,"38":0,"39":0,"40":0,"41":0,"42":0,"43":0,"44":0,"45":0,"46":0,"47":0,"48":0,"49":0,"50":0,"51":0,"52":0,"53":0,"54":0,"55":0},"f":{"0":0,"1":0,"2":0},"b":{"0":[0,0],"1":[0,0],"2":[0,0],"3":[0,0],"4":[0,0],"5":[0,0],"6":[0,0],"7":[0,0],"8":[0,0],"9":[0,0],"10":[0,0],"11":[0,0]},"_coverageSchema":"1a1c01bbd47fc00a2c39e90264f33305004495a9","hash":"8d89beaec741b9a3ead4428ca73049318232f7fb"}
,"/home/karim/Documents/work/HRJO4/FEC/nodolla_FEC/client/app/components/RatingsAndReviews/ReviewList/ReviewButtonsContainer/AddReviewButton/ReviewCharacteristics/ReviewCharacteristics.jsx": {"path":"/home/karim/Documents/work/HRJO4/FEC/nodolla_FEC/client/app/components/RatingsAndReviews/ReviewList/ReviewButtonsContainer/AddReviewButton/ReviewCharacteristics/ReviewCharacteristics.jsx","statementMap":{"0":{"start":{"line":4,"column":30},"end":{"line":24,"column":1}},"1":{"start":{"line":6,"column":30},"end":{"line":6,"column":32}},"2":{"start":{"line":9,"column":2},"end":{"line":19,"column":3}},"3":{"start":{"line":11,"column":4},"end":{"line":18,"column":6}},"4":{"start":{"line":21,"column":2},"end":{"line":23,"column":4}}},"fnMap":{"0":{"name":"(anonymous_0)","decl":{"start":{"line":4,"column":30},"end":{"line":4,"column":31}},"loc":{"start":{"line":4,"column":83},"end":{"line":24,"column":1}},"line":4}},"branchMap":{},"s":{"0":1,"1":0,"2":0,"3":0,"4":0},"f":{"0":0},"b":{},"_coverageSchema":"1a1c01bbd47fc00a2c39e90264f33305004495a9","hash":"2e9af500bf70757104271e82950220daea68901a"}
,"/home/karim/Documents/work/HRJO4/FEC/nodolla_FEC/client/app/components/RatingsAndReviews/ReviewList/ReviewButtonsContainer/ModalWindow/ModalWindow.jsx": {"path":"/home/karim/Documents/work/HRJO4/FEC/nodolla_FEC/client/app/components/RatingsAndReviews/ReviewList/ReviewButtonsContainer/ModalWindow/ModalWindow.jsx","statementMap":{"0":{"start":{"line":12,"column":20},"end":{"line":178,"column":1}},"1":{"start":{"line":13,"column":42},"end":{"line":13,"column":53}},"2":{"start":{"line":14,"column":52},"end":{"line":14,"column":64}},"3":{"start":{"line":15,"column":46},"end":{"line":15,"column":58}},"4":{"start":{"line":16,"column":44},"end":{"line":16,"column":56}},"5":{"start":{"line":17,"column":38},"end":{"line":17,"column":50}},"6":{"start":{"line":18,"column":46},"end":{"line":18,"column":58}},"7":{"start":{"line":19,"column":40},"end":{"line":19,"column":52}},"8":{"start":{"line":21,"column":25},"end":{"line":21,"column":107}},"9":{"start":{"line":23,"column":33},"end":{"line":29,"column":3}},"10":{"start":{"line":31,"column":40},"end":{"line":44,"column":3}},"11":{"start":{"line":32,"column":4},"end":{"line":38,"column":5}},"12":{"start":{"line":33,"column":6},"end":{"line":37,"column":8}},"13":{"start":{"line":39,"column":4},"end":{"line":43,"column":6}},"14":{"start":{"line":46,"column":32},"end":{"line":53,"column":3}},"15":{"start":{"line":47,"column":4},"end":{"line":49,"column":5}},"16":{"start":{"line":48,"column":6},"end":{"line":48,"column":33}},"17":{"start":{"line":50,"column":4},"end":{"line":52,"column":5}},"18":{"start":{"line":51,"column":6},"end":{"line":51,"column":34}},"19":{"start":{"line":55,"column":30},"end":{"line":57,"column":3}},"20":{"start":{"line":56,"column":4},"end":{"line":56,"column":37}},"21":{"start":{"line":59,"column":27},"end":{"line":61,"column":3}},"22":{"start":{"line":60,"column":4},"end":{"line":60,"column":34}},"23":{"start":{"line":63,"column":31},"end":{"line":65,"column":3}},"24":{"start":{"line":64,"column":4},"end":{"line":64,"column":38}},"25":{"start":{"line":67,"column":28},"end":{"line":69,"column":3}},"26":{"start":{"line":68,"column":4},"end":{"line":68,"column":35}},"27":{"start":{"line":71,"column":32},"end":{"line":73,"column":3}},"28":{"start":{"line":72,"column":4},"end":{"line":72,"column":41}},"29":{"start":{"line":75,"column":34},"end":{"line":92,"column":3}},"30":{"start":{"line":76,"column":4},"end":{"line":86,"column":5}},"31":{"start":{"line":77,"column":6},"end":{"line":85,"column":8}},"32":{"start":{"line":87,"column":4},"end":{"line":91,"column":6}},"33":{"start":{"line":94,"column":2},"end":{"line":173,"column":3}},"34":{"start":{"line":95,"column":4},"end":{"line":172,"column":6}},"35":{"start":{"line":165,"column":95},"end":{"line":165,"column":237}},"36":{"start":{"line":174,"column":2},"end":{"line":177,"column":4}}},"fnMap":{"0":{"name":"(anonymous_0)","decl":{"start":{"line":12,"column":20},"end":{"line":12,"column":21}},"loc":{"start":{"line":12,"column":106},"end":{"line":178,"column":1}},"line":12},"1":{"name":"(anonymous_1)","decl":{"start":{"line":31,"column":40},"end":{"line":31,"column":41}},"loc":{"start":{"line":31,"column":46},"end":{"line":44,"column":3}},"line":31},"2":{"name":"(anonymous_2)","decl":{"start":{"line":46,"column":32},"end":{"line":46,"column":33}},"loc":{"start":{"line":46,"column":39},"end":{"line":53,"column":3}},"line":46},"3":{"name":"(anonymous_3)","decl":{"start":{"line":55,"column":30},"end":{"line":55,"column":31}},"loc":{"start":{"line":55,"column":37},"end":{"line":57,"column":3}},"line":55},"4":{"name":"(anonymous_4)","decl":{"start":{"line":59,"column":27},"end":{"line":59,"column":28}},"loc":{"start":{"line":59,"column":34},"end":{"line":61,"column":3}},"line":59},"5":{"name":"(anonymous_5)","decl":{"start":{"line":63,"column":31},"end":{"line":63,"column":32}},"loc":{"start":{"line":63,"column":38},"end":{"line":65,"column":3}},"line":63},"6":{"name":"(anonymous_6)","decl":{"start":{"line":67,"column":28},"end":{"line":67,"column":29}},"loc":{"start":{"line":67,"column":35},"end":{"line":69,"column":3}},"line":67},"7":{"name":"(anonymous_7)","decl":{"start":{"line":71,"column":32},"end":{"line":71,"column":33}},"loc":{"start":{"line":71,"column":39},"end":{"line":73,"column":3}},"line":71},"8":{"name":"(anonymous_8)","decl":{"start":{"line":75,"column":34},"end":{"line":75,"column":35}},"loc":{"start":{"line":75,"column":40},"end":{"line":92,"column":3}},"line":75},"9":{"name":"(anonymous_9)","decl":{"start":{"line":165,"column":82},"end":{"line":165,"column":83}},"loc":{"start":{"line":165,"column":93},"end":{"line":165,"column":239}},"line":165}},"branchMap":{"0":{"loc":{"start":{"line":21,"column":25},"end":{"line":21,"column":107}},"type":"cond-expr","locations":[{"start":{"line":21,"column":37},"end":{"line":21,"column":72}},{"start":{"line":21,"column":75},"end":{"line":21,"column":107}}],"line":21},"1":{"loc":{"start":{"line":32,"column":4},"end":{"line":38,"column":5}},"type":"if","locations":[{"start":{"line":32,"column":4},"end":{"line":38,"column":5}},{"start":{"line":32,"column":4},"end":{"line":38,"column":5}}],"line":32},"2":{"loc":{"start":{"line":47,"column":4},"end":{"line":49,"column":5}},"type":"if","locations":[{"start":{"line":47,"column":4},"end":{"line":49,"column":5}},{"start":{"line":47,"column":4},"end":{"line":49,"column":5}}],"line":47},"3":{"loc":{"start":{"line":50,"column":4},"end":{"line":52,"column":5}},"type":"if","locations":[{"start":{"line":50,"column":4},"end":{"line":52,"column":5}},{"start":{"line":50,"column":4},"end":{"line":52,"column":5}}],"line":50},"4":{"loc":{"start":{"line":76,"column":4},"end":{"line":86,"column":5}},"type":"if","locations":[{"start":{"line":76,"column":4},"end":{"line":86,"column":5}},{"start":{"line":76,"column":4},"end":{"line":86,"column":5}}],"line":76},"5":{"loc":{"start":{"line":94,"column":2},"end":{"line":173,"column":3}},"type":"if","locations":[{"start":{"line":94,"column":2},"end":{"line":173,"column":3}},{"start":{"line":94,"column":2},"end":{"line":173,"column":3}}],"line":94}},"s":{"0":1,"1":0,"2":0,"3":0,"4":0,"5":0,"6":0,"7":0,"8":0,"9":0,"10":0,"11":0,"12":0,"13":0,"14":0,"15":0,"16":0,"17":0,"18":0,"19":0,"20":0,"21":0,"22":0,"23":0,"24":0,"25":0,"26":0,"27":0,"28":0,"29":0,"30":0,"31":0,"32":0,"33":0,"34":0,"35":0,"36":0},"f":{"0":0,"1":0,"2":0,"3":0,"4":0,"5":0,"6":0,"7":0,"8":0,"9":0},"b":{"0":[0,0],"1":[0,0],"2":[0,0],"3":[0,0],"4":[0,0],"5":[0,0]},"_coverageSchema":"1a1c01bbd47fc00a2c39e90264f33305004495a9","hash":"aff377505132de9fc3662f37fb98b3187377c5c7"}
,"/home/karim/Documents/work/HRJO4/FEC/nodolla_FEC/client/app/components/RatingsAndReviews/ReviewList/ReviewButtonsContainer/ModalWindow/ReviewModalStarRating/ReviewModalStarRating.jsx": {"path":"/home/karim/Documents/work/HRJO4/FEC/nodolla_FEC/client/app/components/RatingsAndReviews/ReviewList/ReviewButtonsContainer/ModalWindow/ReviewModalStarRating/ReviewModalStarRating.jsx","statementMap":{"0":{"start":{"line":5,"column":30},"end":{"line":40,"column":1}},"1":{"start":{"line":7,"column":2},"end":{"line":33,"column":3}},"2":{"start":{"line":8,"column":4},"end":{"line":8,"column":69}},"3":{"start":{"line":11,"column":25},"end":{"line":11,"column":56}},"4":{"start":{"line":15,"column":23},"end":{"line":15,"column":62}},"5":{"start":{"line":16,"column":24},"end":{"line":16,"column":77}},"6":{"start":{"line":18,"column":4},"end":{"line":18,"column":45}},"7":{"start":{"line":24,"column":27},"end":{"line":24,"column":72}},"8":{"start":{"line":26,"column":4},"end":{"line":32,"column":6}},"9":{"start":{"line":35,"column":2},"end":{"line":39,"column":4}},"10":{"start":{"line":42,"column":19},"end":{"line":50,"column":1}},"11":{"start":{"line":43,"column":2},"end":{"line":49,"column":8}},"12":{"start":{"line":52,"column":20},"end":{"line":60,"column":1}},"13":{"start":{"line":53,"column":2},"end":{"line":59,"column":8}},"14":{"start":{"line":62,"column":0},"end":{"line":66,"column":2}}},"fnMap":{"0":{"name":"(anonymous_0)","decl":{"start":{"line":5,"column":30},"end":{"line":5,"column":31}},"loc":{"start":{"line":5,"column":100},"end":{"line":40,"column":1}},"line":5},"1":{"name":"(anonymous_1)","decl":{"start":{"line":42,"column":19},"end":{"line":42,"column":20}},"loc":{"start":{"line":43,"column":2},"end":{"line":49,"column":8}},"line":43},"2":{"name":"(anonymous_2)","decl":{"start":{"line":52,"column":20},"end":{"line":52,"column":21}},"loc":{"start":{"line":53,"column":2},"end":{"line":59,"column":8}},"line":53}},"branchMap":{"0":{"loc":{"start":{"line":5,"column":46},"end":{"line":5,"column":70}},"type":"default-arg","locations":[{"start":{"line":5,"column":58},"end":{"line":5,"column":70}}],"line":5},"1":{"loc":{"start":{"line":7,"column":2},"end":{"line":33,"column":3}},"type":"if","locations":[{"start":{"line":7,"column":2},"end":{"line":33,"column":3}},{"start":{"line":7,"column":2},"end":{"line":33,"column":3}}],"line":7},"2":{"loc":{"start":{"line":16,"column":24},"end":{"line":16,"column":77}},"type":"cond-expr","locations":[{"start":{"line":16,"column":70},"end":{"line":16,"column":73}},{"start":{"line":16,"column":76},"end":{"line":16,"column":77}}],"line":16},"3":{"loc":{"start":{"line":16,"column":24},"end":{"line":16,"column":67}},"type":"binary-expr","locations":[{"start":{"line":16,"column":24},"end":{"line":16,"column":43}},{"start":{"line":16,"column":47},"end":{"line":16,"column":67}}],"line":16},"4":{"loc":{"start":{"line":18,"column":4},"end":{"line":18,"column":44}},"type":"cond-expr","locations":[{"start":{"line":18,"column":21},"end":{"line":18,"column":40}},{"start":{"line":18,"column":43},"end":{"line":18,"column":44}}],"line":18}},"s":{"0":1,"1":0,"2":0,"3":0,"4":0,"5":0,"6":0,"7":0,"8":0,"9":0,"10":1,"11":0,"12":1,"13":0,"14":1},"f":{"0":0,"1":0,"2":0},"b":{"0":[0],"1":[0,0],"2":[0,0],"3":[0,0],"4":[0,0]},"_coverageSchema":"1a1c01bbd47fc00a2c39e90264f33305004495a9","hash":"e177ad431a6e79d2f90b79264f991495abbff5b3"}
[...]
":{"line":943,"column":7}},"line":938},"86":{"name":"(anonymous_86)","decl":{"start":{"line":949,"column":7},"end":{"line":949,"column":8}},"loc":{"start":{"line":949,"column":66},"end":{"line":954,"column":7}},"line":949},"87":{"name":"(anonymous_87)","decl":{"start":{"line":960,"column":7},"end":{"line":960,"column":8}},"loc":{"start":{"line":960,"column":66},"end":{"line":965,"column":7}},"line":960},"88":{"name":"(anonymous_88)","decl":{"start":{"line":971,"column":7},"end":{"line":971,"column":8}},"loc":{"start":{"line":971,"column":66},"end":{"line":976,"column":7}},"line":971},"89":{"name":"(anonymous_89)","decl":{"start":{"line":982,"column":7},"end":{"line":982,"column":8}},"loc":{"start":{"line":982,"column":66},"end":{"line":987,"column":7}},"line":982},"90":{"name":"(anonymous_90)","decl":{"start":{"line":993,"column":7},"end":{"line":993,"column":8}},"loc":{"start":{"line":993,"column":66},"end":{"line":997,"column":7}},"line":993},"91":{"name":"(anonymous_91)","decl":{"start":{"line":1003,"column":7},"end":{"line":1003,"column":8}},"loc":{"start":{"line":1003,"column":19},"end":{"line":1008,"column":7}},"line":1003},"92":{"name":"(anonymous_92)","decl":{"start":{"line":1014,"column":7},"end":{"line":1014,"column":8}},"loc":{"start":{"line":1014,"column":33},"end":{"line":1018,"column":7}},"line":1014},"93":{"name":"(anonymous_93)","decl":{"start":{"line":1024,"column":7},"end":{"line":1024,"column":8}},"loc":{"start":{"line":1024,"column":78},"end":{"line":1029,"column":7}},"line":1024},"94":{"name":"(anonymous_94)","decl":{"start":{"line":1035,"column":7},"end":{"line":1035,"column":8}},"loc":{"start":{"line":1035,"column":78},"end":{"line":1040,"column":7}},"line":1035},"95":{"name":"(anonymous_95)","decl":{"start":{"line":1046,"column":7},"end":{"line":1046,"column":8}},"loc":{"start":{"line":1046,"column":78},"end":{"line":1051,"column":7}},"line":1046},"96":{"name":"(anonymous_96)","decl":{"start":{"line":1057,"column":7},"end":{"line":1057,"column":8}},"loc":{"start":{"line":1057,"column":78},"end":{"line":1062,"column":7}},"line":1057},"97":{"name":"(anonymous_97)","decl":{"start":{"line":1068,"column":7},"end":{"line":1068,"column":8}},"loc":{"start":{"line":1068,"column":78},"end":{"line":1073,"column":7}},"line":1068},"98":{"name":"(anonymous_98)","decl":{"start":{"line":1079,"column":7},"end":{"line":1079,"column":8}},"loc":{"start":{"line":1079,"column":66},"end":{"line":1084,"column":7}},"line":1079},"99":{"name":"(anonymous_99)","decl":{"start":{"line":1090,"column":7},"end":{"line":1090,"column":8}},"loc":{"start":{"line":1090,"column":66},"end":{"line":1095,"column":7}},"line":1090},"100":{"name":"(anonymous_100)","decl":{"start":{"line":1101,"column":7},"end":{"line":1101,"column":8}},"loc":{"start":{"line":1101,"column":78},"end":{"line":1106,"column":7}},"line":1101},"101":{"name":"(anonymous_101)","decl":{"start":{"line":1112,"column":7},"end":{"line":1112,"column":8}},"loc":{"start":{"line":1112,"column":78},"end":{"line":1117,"column":7}},"line":1112},"102":{"name":"(anonymous_102)","decl":{"start":{"line":1123,"column":7},"end":{"line":1123,"column":8}},"loc":{"start":{"line":1123,"column":78},"end":{"line":1128,"column":7}},"line":1123},"103":{"name":"(anonymous_103)","decl":{"start":{"line":1134,"column":7},"end":{"line":1134,"column":8}},"loc":{"start":{"line":1134,"column":78},"end":{"line":1139,"column":7}},"line":1134},"104":{"name":"(anonymous_104)","decl":{"start":{"line":1145,"column":7},"end":{"line":1145,"column":8}},"loc":{"start":{"line":1145,"column":78},"end":{"line":1150,"column":7}},"line":1145},"105":{"name":"(anonymous_105)","decl":{"start":{"line":1156,"column":7},"end":{"line":1156,"column":8}},"loc":{"start":{"line":1156,"column":78},"end":{"line":1161,"column":7}},"line":1156},"106":{"name":"(anonymous_106)","decl":{"start":{"line":1167,"column":7},"end":{"line":1167,"column":8}},"loc":{"start":{"line":1167,"column":78},"end":{"line":1172,"column":7}},"line":1167},"107":{"name":"(anonymous_107)","decl":{"start":{"line":1178,"column":7},"end":{"line":1178,"column":8}},"loc":{"start":{"line":1178,"column":78},"end":{"line":1183,"column":7}},"line":1178},"108":{"name":"(anonymous_108)","decl":{"start":{"line":1189,"column":7},"end":{"line":1189,"column":8}},"loc":{"start":{"line":1189,"column":78},"end":{"line":1194,"column":7}},"line":1189},"109":{"name":"(anonymous_109)","decl":{"start":{"line":1200,"column":7},"end":{"line":1200,"column":8}},"loc":{"start":{"line":1200,"column":78},"end":{"line":1205,"column":7}},"line":1200},"110":{"name":"(anonymous_110)","decl":{"start":{"line":1211,"column":7},"end":{"line":1211,"column":8}},"loc":{"start":{"line":1211,"column":78},"end":{"line":1216,"column":7}},"line":1211},"111":{"name":"(anonymous_111)","decl":{"start":{"line":1222,"column":7},"end":{"line":1222,"column":8}},"loc":{"start":{"line":1222,"column":78},"end":{"line":1227,"column":7}},"line":1222},"112":{"name":"(anonymous_112)","decl":{"start":{"line":1233,"column":7},"end":{"line":1233,"column":8}},"loc":{"start":{"line":1233,"column":78},"end":{"line":1238,"column":7}},"line":1233},"113":{"name":"(anonymous_113)","decl":{"start":{"line":1244,"column":7},"end":{"line":1244,"column":8}},"loc":{"start":{"line":1244,"column":78},"end":{"line":1249,"column":7}},"line":1244},"114":{"name":"(anonymous_114)","decl":{"start":{"line":1255,"column":7},"end":{"line":1255,"column":8}},"loc":{"start":{"line":1255,"column":78},"end":{"line":1260,"column":7}},"line":1255},"115":{"name":"(anonymous_115)","decl":{"start":{"line":1266,"column":7},"end":{"line":1266,"column":8}},"loc":{"start":{"line":1266,"column":78},"end":{"line":1271,"column":7}},"line":1266},"116":{"name":"(anonymous_116)","decl":{"start":{"line":1277,"column":7},"end":{"line":1277,"column":8}},"loc":{"start":{"line":1277,"column":78},"end":{"line":1282,"column":7}},"line":1277},"117":{"name":"(anonymous_117)","decl":{"start":{"line":1288,"column":7},"end":{"line":1288,"column":8}},"loc":{"start":{"line":1288,"column":78},"end":{"line":1293,"column":7}},"line":1288},"118":{"name":"(anonymous_118)","decl":{"start":{"line":1299,"column":7},"end":{"line":1299,"column":8}},"loc":{"start":{"line":1299,"column":78},"end":{"line":1304,"column":7}},"line":1299},"119":{"name":"(anonymous_119)","decl":{"start":{"line":1310,"column":7},"end":{"line":1310,"column":8}},"loc":{"start":{"line":1310,"column":78},"end":{"line":1315,"column":7}},"line":1310},"120":{"name":"(anonymous_120)","decl":{"start":{"line":1321,"column":7},"end":{"line":1321,"column":8}},"loc":{"start":{"line":1321,"column":78},"end":{"line":1326,"column":7}},"line":1321},"121":{"name":"(anonymous_121)","decl":{"start":{"line":1332,"column":7},"end":{"line":1332,"column":8}},"loc":{"start":{"line":1332,"column":78},"end":{"line":1337,"column":7}},"line":1332},"122":{"name":"(anonymous_122)","decl":{"start":{"line":1343,"column":7},"end":{"line":1343,"column":8}},"loc":{"start":{"line":1343,"column":78},"end":{"line":1348,"column":7}},"line":1343},"123":{"name":"(anonymous_123)","decl":{"start":{"line":1354,"column":7},"end":{"line":1354,"column":8}},"loc":{"start":{"line":1354,"column":78},"end":{"line":1359,"column":7}},"line":1354},"124":{"name":"(anonymous_124)","decl":{"start":{"line":1365,"column":7},"end":{"line":1365,"column":8}},"loc":{"start":{"line":1365,"column":19},"end":{"line":1370,"column":7}},"line":1365},"125":{"name":"(anonymous_125)","decl":{"start":{"line":1376,"column":7},"end":{"line":1376,"column":8}},"loc":{"start":{"line":1376,"column":66},"end":{"line":1381,"column":7}},"line":1376},"126":{"name":"(anonymous_126)","decl":{"start":{"line":1387,"column":7},"end":{"line":1387,"column":8}},"loc":{"start":{"line":1387,"column":66},"end":{"line":1392,"column":7}},"line":1387},"127":{"name":"(anonymous_127)","decl":{"start":{"line":1398,"column":7},"end":{"line":1398,"column":8}},"loc":{"start":{"line":1398,"column":66},"end":{"line":1402,"column":7}},"line":1398},"128":{"name":"(anonymous_128)","decl":{"start":{"line":1408,"column":7},"end":{"line":1408,"column":8}},"loc":{"start":{"line":1408,"column":19},"end":{"line":1413,"column":7}},"line":1408},"129":{"name":"(anonymous_129)","decl":{"start":{"line":1419,"column":7},"end":{"line":1419,"column":8}},"loc":{"start":{"line":1419,"column":45},"end":{"line":1424,"column":7}},"line":1419},"130":{"name":"(anonymous_130)","decl":{"start":{"line":1430,"column":7},"end":{"line":1430,"column":8}},"loc":{"start":{"line":1430,"column":66},"end":{"line":1435,"column":7}},"line":1430},"131":{"name":"(anonymous_131)","decl":{"start":{"line":1441,"column":7},"end":{"line":1441,"column":8}},"loc":{"start":{"line":1441,"column":19},"end":{"line":1445,"column":7}},"line":1441},"132":{"name":"(anonymous_132)","decl":{"start":{"line":1451,"column":7},"end":{"line":1451,"column":8}},"loc":{"start":{"line":1451,"column":66},"end":{"line":1456,"column":7}},"line":1451},"133":{"name":"(anonymous_133)","decl":{"start":{"line":1462,"column":7},"end":{"line":1462,"column":8}},"loc":{"start":{"line":1462,"column":66},"end":{"line":1467,"column":7}},"line":1462},"134":{"name":"(anonymous_134)","decl":{"start":{"line":1473,"column":7},"end":{"line":1473,"column":8}},"loc":{"start":{"line":1473,"column":45},"end":{"line":1478,"column":7}},"line":1473},"135":{"name":"(anonymous_135)","decl":{"start":{"line":1484,"column":7},"end":{"line":1484,"column":8}},"loc":{"start":{"line":1484,"column":45},"end":{"line":1489,"column":7}},"line":1484},"136":{"name":"(anonymous_136)","decl":{"start":{"line":1495,"column":7},"end":{"line":1495,"column":8}},"loc":{"start":{"line":1495,"column":66},"end":{"line":1500,"column":7}},"line":1495},"137":{"name":"(anonymous_137)","decl":{"start":{"line":1506,"column":7},"end":{"line":1506,"column":8}},"loc":{"start":{"line":1506,"column":66},"end":{"line":1511,"column":7}},"line":1506},"138":{"name":"(anonymous_138)","decl":{"start":{"line":1517,"column":7},"end":{"line":1517,"column":8}},"loc":{"start":{"line":1517,"column":78},"end":{"line":1522,"column":7}},"line":1517},"139":{"name":"(anonymous_139)","decl":{"start":{"line":1528,"column":7},"end":{"line":1528,"column":8}},"loc":{"start":{"line":1528,"column":78},"end":{"line":1533,"column":7}},"line":1528},"140":{"name":"(anonymous_140)","decl":{"start":{"line":1539,"column":7},"end":{"line":1539,"column":8}},"loc":{"start":{"line":1539,"column":78},"end":{"line":1544,"column":7}},"line":1539},"141":{"name":"(anonymous_141)","decl":{"start":{"line":1550,"column":7},"end":{"line":1550,"column":8}},"loc":{"start":{"line":1550,"column":78},"end":{"line":1555,"column":7}},"line":1550},"142":{"name":"(anonymous_142)","decl":{"start":{"line":1561,"column":7},"end":{"line":1561,"column":8}},"loc":{"start":{"line":1561,"column":78},"end":{"line":1566,"column":7}},"line":1561},"143":{"name":"(anonymous_143)","decl":{"start":{"line":1572,"column":7},"end":{"line":1572,"column":8}},"loc":{"start":{"line":1572,"column":78},"end":{"line":1577,"column":7}},"line":1572},"144":{"name":"(anonymous_144)","decl":{"start":{"line":1583,"column":7},"end":{"line":1583,"column":8}},"loc":{"start":{"line":1583,"column":78},"end":{"line":1588,"column":7}},"line":1583},"145":{"name":"(anonymous_145)","decl":{"start":{"line":1594,"column":7},"end":{"line":1594,"column":8}},"loc":{"start":{"line":1594,"column":78},"end":{"line":1599,"column":7}},"line":1594},"146":{"name":"(anonymous_146)","decl":{"start":{"line":1605,"column":7},"end":{"line":1605,"column":8}},"loc":{"start":{"line":1605,"column":78},"end":{"line":1610,"column":7}},"line":1605},"147":{"name":"(anonymous_147)","decl":{"start":{"line":1616,"column":7},"end":{"line":1616,"column":8}},"loc":{"start":{"line":1616,"column":78},"end":{"line":1621,"column":7}},"line":1616},"148":{"name":"(anonymous_148)","decl":{"start":{"line":1627,"column":7},"end":{"line":1627,"column":8}},"loc":{"start":{"line":1627,"column":78},"end":{"line":1632,"column":7}},"line":1627},"149":{"name":"(anonymous_149)","decl":{"start":{"line":1638,"column":7},"end":{"line":1638,"column":8}},"loc":{"start":{"line":1638,"column":78},"end":{"line":1643,"column":7}},"line":1638},"150":{"name":"(anonymous_150)","decl":{"start":{"line":1649,"column":7},"end":{"line":1649,"column":8}},"loc":{"start":{"line":1649,"column":78},"end":{"line":1654,"column":7}},"line":1649},"151":{"name":"(anonymous_151)","decl":{"start":{"line":1660,"column":7},"end":{"line":1660,"column":8}},"loc":{"start":{"line":1660,"column":78},"end":{"line":1665,"column":7}},"line":1660},"152":{"name":"(anonymous_152)","decl":{"start":{"line":1671,"column":7},"end":{"line":1671,"column":8}},"loc":{"start":{"line":1671,"column":78},"end":{"line":1676,"column":7}},"line":1671},"153":{"name":"(anonymous_153)","decl":{"start":{"line":1682,"column":7},"end":{"line":1682,"column":8}},"loc":{"start":{"line":1682,"column":78},"end":{"line":1687,"column":7}},"line":1682},"154":{"name":"(anonymous_154)","decl":{"start":{"line":1693,"column":7},"end":{"line":1693,"column":8}},"loc":{"start":{"line":1693,"column":78},"end":{"line":1698,"column":7}},"line":1693},"155":{"name":"(anonymous_155)","decl":{"start":{"line":1704,"column":7},"end":{"line":1704,"column":8}},"loc":{"start":{"line":1704,"column":66},"end":{"line":1709,"column":7}},"line":1704},"156":{"name":"__webpack_require__","decl":{"start":{"line":1717,"column":19},"end":{"line":1717,"column":38}},"loc":{"start":{"line":1717,"column":49},"end":{"line":1734,"column":11}},"line":1717},"157":{"name":"(anonymous_157)","decl":{"start":{"line":1738,"column":11},"end":{"line":1738,"column":12}},"loc":{"start":{"line":1738,"column":17},"end":{"line":1747,"column":11}},"line":1738},"158":{"name":"(anonymous_158)","decl":{"start":{"line":1740,"column":35},"end":{"line":1740,"column":36}},"loc":{"start":{"line":1740,"column":47},"end":{"line":1746,"column":12}},"line":1740},"159":{"name":"(anonymous_159)","decl":{"start":{"line":1742,"column":13},"end":{"line":1742,"column":14}},"loc":{"start":{"line":1742,"column":20},"end":{"line":1742,"column":37}},"line":1742},"160":{"name":"(anonymous_160)","decl":{"start":{"line":1743,"column":13},"end":{"line":1743,"column":14}},"loc":{"start":{"line":1743,"column":20},"end":{"line":1743,"column":26}},"line":1743},"161":{"name":"(anonymous_161)","decl":{"start":{"line":1750,"column":11},"end":{"line":1750,"column":12}},"loc":{"start":{"line":1750,"column":17},"end":{"line":1759,"column":11}},"line":1750},"162":{"name":"(anonymous_162)","decl":{"start":{"line":1752,"column":35},"end":{"line":1752,"column":36}},"loc":{"start":{"line":1752,"column":60},"end":{"line":1758,"column":12}},"line":1752},"163":{"name":"(anonymous_163)","decl":{"start":{"line":1762,"column":11},"end":{"line":1762,"column":12}},"loc":{"start":{"line":1762,"column":17},"end":{"line":1764,"column":11}},"line":1762},"164":{"name":"(anonymous_164)","decl":{"start":{"line":1763,"column":35},"end":{"line":1763,"column":36}},"loc":{"start":{"line":1763,"column":51},"end":{"line":1763,"column":98}},"line":1763},"165":{"name":"(anonymous_165)","decl":{"start":{"line":1767,"column":11},"end":{"line":1767,"column":12}},"loc":{"start":{"line":1767,"column":17},"end":{"line":1775,"column":11}},"line":1767},"166":{"name":"(anonymous_166)","decl":{"start":{"line":1769,"column":35},"end":{"line":1769,"column":36}},"loc":{"start":{"line":1769,"column":48},"end":{"line":1774,"column":12}},"line":1769}},"branchMap":{"0":{"loc":{"start":{"line":1719,"column":11},"end":{"line":1721,"column":12}},"type":"if","locations":[{"start":{"line":1719,"column":11},"end":{"line":1721,"column":12}},{"start":{"line":1719,"column":11},"end":{"line":1721,"column":12}}],"line":1719},"1":{"loc":{"start":{"line":1741,"column":25},"end":{"line":1743,"column":27}},"type":"cond-expr","locations":[{"start":{"line":1742,"column":13},"end":{"line":1742,"column":38}},{"start":{"line":1743,"column":13},"end":{"line":1743,"column":27}}],"line":1741},"2":{"loc":{"start":{"line":1741,"column":25},"end":{"line":1741,"column":52}},"type":"binary-expr","locations":[{"start":{"line":1741,"column":25},"end":{"line":1741,"column":31}},{"start":{"line":1741,"column":35},"end":{"line":1741,"column":52}}],"line":1741},"3":{"loc":{"start":{"line":1754,"column":13},"end":{"line":1756,"column":14}},"type":"if","locations":[{"start":{"line":1754,"column":13},"end":{"line":1756,"column":14}},{"start":{"line":1754,"column":13},"end":{"line":1756,"column":14}}],"line":1754},"4":{"loc":{"start":{"line":1754,"column":16},"end":{"line":1754,"column":94}},"type":"binary-expr","locations":[{"start":{"line":1754,"column":16},"end":{"line":1754,"column":54}},{"start":{"line":1754,"column":58},"end":{"line":1754,"column":94}}],"line":1754},"5":{"loc":{"start":{"line":1770,"column":12},"end":{"line":1772,"column":13}},"type":"if","locations":[{"start":{"line":1770,"column":12},"end":{"line":1772,"column":13}},{"start":{"line":1770,"column":12},"end":{"line":1772,"column":13}}],"line":1770},"6":{"loc":{"start":{"line":1770,"column":15},"end":{"line":1770,"column":66}},"type":"binary-expr","locations":[{"start":{"line":1770,"column":15},"end":{"line":1770,"column":44}},{"start":{"line":1770,"column":48},"end":{"line":1770,"column":66}}],"line":1770}},"s":{"0":0,"1":0,"2":0,"3":0,"4":0,"5":0,"6":0,"7":0,"8":0,"9":0,"10":0,"11":0,"12":0,"13":0,"14":0,"15":0,"16":0,"17":0,"18":0,"19":0,"20":0,"21":0,"22":0,"23":0,"24":0,"25":0,"26":0,"27":0,"28":0,"29":0,"30":0,"31":0,"32":0,"33":0,"34":0,"35":0,"36":0,"37":0,"38":0,"39":0,"40":0,"41":0,"42":0,"43":0,"44":0,"45":0,"46":0,"47":0,"48":0,"49":0,"50":0,"51":0,"52":0,"53":0,"54":0,"55":0,"56":0,"57":0,"58":0,"59":0,"60":0,"61":0,"62":0,"63":0,"64":0,"65":0,"66":0,"67":0,"68":0,"69":0,"70":0,"71":0,"72":0,"73":0,"74":0,"75":0,"76":0,"77":0,"78":0,"79":0,"80":0,"81":0,"82":0,"83":0,"84":0,"85":0,"86":0,"87":0,"88":0,"89":0,"90":0,"91":0,"92":0,"93":0,"94":0,"95":0,"96":0,"97":0,"98":0,"99":0,"100":0,"101":0,"102":0,"103":0,"104":0,"105":0,"106":0,"107":0,"108":0,"109":0,"110":0,"111":0,"112":0,"113":0,"114":0,"115":0,"116":0,"117":0,"118":0,"119":0,"120":0,"121":0,"122":0,"123":0,"124":0,"125":0,"126":0,"127":0,"128":0,"129":0,"130":0,"131":0,"132":0,"133":0,"134":0,"135":0,"136":0,"137":0,"138":0,"139":0,"140":0,"141":0,"142":0,"143":0,"144":0,"145":0,"146":0,"147":0,"148":0,"149":0,"150":0,"151":0,"152":0,"153":0,"154":0,"155":0,"156":0,"157":0,"158":0,"159":0,"160":0,"161":0,"162":0,"163":0,"164":0,"165":0,"166":0,"167":0,"168":0,"169":0,"170":0,"171":0,"172":0,"173":0,"174":0,"175":0,"176":0,"177":0,"178":0,"179":0,"180":0,"181":0,"182":0,"183":0},"f":{"0":0,"1":0,"2":0,"3":0,"4":0,"5":0,"6":0,"7":0,"8":0,"9":0,"10":0,"11":0,"12":0,"13":0,"14":0,"15":0,"16":0,"17":0,"18":0,"19":0,"20":0,"21":0,"22":0,"23":0,"24":0,"25":0,"26":0,"27":0,"28":0,"29":0,"30":0,"31":0,"32":0,"33":0,"34":0,"35":0,"36":0,"37":0,"38":0,"39":0,"40":0,"41":0,"42":0,"43":0,"44":0,"45":0,"46":0,"47":0,"48":0,"49":0,"50":0,"51":0,"52":0,"53":0,"54":0,"55":0,"56":0,"57":0,"58":0,"59":0,"60":0,"61":0,"62":0,"63":0,"64":0,"65":0,"66":0,"67":0,"68":0,"69":0,"70":0,"71":0,"72":0,"73":0,"74":0,"75":0,"76":0,"77":0,"78":0,"79":0,"80":0,"81":0,"82":0,"83":0,"84":0,"85":0,"86":0,"87":0,"88":0,"89":0,"90":0,"91":0,"92":0,"93":0,"94":0,"95":0,"96":0,"97":0,"98":0,"99":0,"100":0,"101":0,"102":0,"103":0,"104":0,"105":0,"106":0,"107":0,"108":0,"109":0,"110":0,"111":0,"112":0,"113":0,"114":0,"115":0,"116":0,"117":0,"118":0,"119":0,"120":0,"121":0,"122":0,"123":0,"124":0,"125":0,"126":0,"127":0,"128":0,"129":0,"130":0,"131":0,"132":0,"133":0,"134":0,"135":0,"136":0,"137":0,"138":0,"139":0,"140":0,"141":0,"142":0,"143":0,"144":0,"145":0,"146":0,"147":0,"148":0,"149":0,"150":0,"151":0,"152":0,"153":0,"154":0,"155":0,"156":0,"157":0,"158":0,"159":0,"160":0,"161":0,"162":0,"163":0,"164":0,"165":0,"166":0},"b":{"0":[0,0],"1":[0,0],"2":[0,0],"3":[0,0],"4":[0,0],"5":[0,0],"6":[0,0]}}
}
