TN:
SF:client/app/index.jsx
FNF:0
FNH:0
DA:5,0
LF:1
LH:0
BRF:0
BRH:0
end_of_record
TN:
SF:client/app/components/App.jsx
FN:13,(anonymous_0)
FN:16,(anonymous_1)
FN:25,(anonymous_2)
FN:34,(anonymous_3)
FN:43,(anonymous_4)
FN:48,(anonymous_5)
FN:53,(anonymous_6)
FN:57,(anonymous_7)
FN:62,(anonymous_8)
FN:65,(anonymous_9)
FN:68,(anonymous_10)
FN:72,(anonymous_11)
FN:77,(anonymous_12)
FN:81,(anonymous_13)
FNF:14
FNH:0
FNDA:0,(anonymous_0)
FNDA:0,(anonymous_1)
FNDA:0,(anonymous_2)
FNDA:0,(anonymous_3)
FNDA:0,(anonymous_4)
FNDA:0,(anonymous_5)
FNDA:0,(anonymous_6)
FNDA:0,(anonymous_7)
FNDA:0,(anonymous_8)
FNDA:0,(anonymous_9)
FNDA:0,(anonymous_10)
FNDA:0,(anonymous_11)
FNDA:0,(anonymous_12)
FNDA:0,(anonymous_13)
DA:13,0
DA:14,0
DA:16,0
DA:17,0
DA:18,0
DA:19,0
DA:20,0
DA:21,0
DA:22,0
DA:25,0
DA:26,0
DA:27,0
DA:28,0
DA:29,0
DA:30,0
DA:31,0
DA:34,0
DA:35,0
DA:36,0
DA:37,0
DA:38,0
DA:39,0
DA:40,0
DA:43,0
DA:44,0
DA:45,0
DA:48,0
DA:49,0
DA:50,0
DA:53,0
DA:54,0
DA:55,0
DA:56,0
DA:58,0
DA:63,0
DA:66,0
DA:69,0
DA:70,0
DA:73,0
DA:77,0
DA:78,0
DA:81,0
DA:82,0
DA:85,0
LF:44
LH:0
BRDA:25,0,0,0
BRDA:55,1,0,0
BRDA:55,1,1,0
BRDA:58,2,0,0
BRDA:58,2,1,0
BRDA:93,3,0,0
BRDA:93,3,1,0
BRDA:99,4,0,0
BRDA:99,4,1,0
BRDA:100,5,0,0
BRDA:100,5,1,0
BRDA:101,6,0,0
BRDA:101,6,1,0
BRDA:102,7,0,0
BRDA:102,7,1,0
BRDA:103,8,0,0
BRDA:103,8,1,0
BRDA:104,9,0,0
BRDA:104,9,1,0
BRDA:105,10,0,0
BRDA:105,10,1,0
BRF:21
BRH:0
end_of_record
TN:
SF:client/app/components/Carousels/CarouselCard/CarouselCard.jsx
FN:8,(anonymous_0)
FN:35,(anonymous_1)
FN:36,(anonymous_2)
FNF:3
FNH:0
FNDA:0,(anonymous_0)
FNDA:0,(anonymous_1)
FNDA:0,(anonymous_2)
DA:8,0
DA:20,0
DA:23,0
DA:24,0
DA:31,0
DA:34,0
DA:35,0
DA:36,0
DA:57,0
LF:9
LH:0
BRDA:23,0,0,0
BRDA:23,0,1,0
BRDA:38,1,0,0
BRDA:38,1,1,0
BRF:4
BRH:0
end_of_record
TN:
SF:client/app/components/Carousels/OutfitCarousel/OutfitCarousel.jsx
FN:9,(anonymous_0)
FN:13,(anonymous_1)
FN:23,(anonymous_2)
FN:25,(anonymous_3)
FN:34,(anonymous_4)
FN:40,(anonymous_5)
FN:44,(anonymous_6)
FN:58,(anonymous_7)
FN:64,(anonymous_8)
FN:71,(anonymous_9)
FN:82,(anonymous_10)
FN:96,(anonymous_11)
FN:98,(anonymous_12)
FNF:13
FNH:0
FNDA:0,(anonymous_0)
FNDA:0,(anonymous_1)
FNDA:0,(anonymous_2)
FNDA:0,(anonymous_3)
FNDA:0,(anonymous_4)
FNDA:0,(anonymous_5)
FNDA:0,(anonymous_6)
FNDA:0,(anonymous_7)
FNDA:0,(anonymous_8)
FNDA:0,(anonymous_9)
FNDA:0,(anonymous_10)
FNDA:0,(anonymous_11)
FNDA:0,(anonymous_12)
DA:9,0
DA:10,0
DA:11,0
DA:13,0
DA:14,0
DA:23,0
DA:24,0
DA:25,0
DA:26,0
DA:30,0
DA:34,0
DA:35,0
DA:36,0
DA:40,0
DA:41,0
DA:44,0
DA:45,0
DA:46,0
DA:47,0
DA:48,0
DA:49,0
DA:50,0
DA:51,0
DA:53,0
DA:58,0
DA:59,0
DA:60,0
DA:61,0
DA:62,0
DA:63,0
DA:64,0
DA:65,0
DA:67,0
DA:71,0
DA:72,0
DA:73,0
DA:74,0
DA:75,0
DA:76,0
DA:77,0
DA:78,0
DA:82,0
DA:83,0
DA:84,0
DA:85,0
DA:86,0
DA:87,0
DA:88,0
DA:89,0
DA:93,0
DA:96,0
DA:98,0
DA:117,0
LF:53
LH:0
BRDA:47,0,0,0
BRDA:47,0,1,0
BRDA:47,1,0,0
BRDA:47,1,1,0
BRDA:50,2,0,0
BRDA:50,2,1,0
BRDA:59,3,0,0
BRDA:59,3,1,0
BRDA:62,4,0,0
BRDA:62,4,1,0
BRDA:72,5,0,0
BRDA:72,5,1,0
BRDA:83,6,0,0
BRDA:83,6,1,0
BRF:14
BRH:0
end_of_record
TN:
SF:client/app/components/Carousels/OutfitCarousel/storeAPI.jsx
FN:21,(anonymous_0)
FN:41,(anonymous_1)
FN:55,(anonymous_2)
FN:60,(anonymous_3)
FN:77,(anonymous_4)
FN:95,(anonymous_5)
FN:110,(anonymous_6)
FN:123,(anonymous_7)
FN:139,(anonymous_8)
FN:157,(anonymous_9)
FNF:10
FNH:0
FNDA:0,(anonymous_0)
FNDA:0,(anonymous_1)
FNDA:0,(anonymous_2)
FNDA:0,(anonymous_3)
FNDA:0,(anonymous_4)
FNDA:0,(anonymous_5)
FNDA:0,(anonymous_6)
FNDA:0,(anonymous_7)
FNDA:0,(anonymous_8)
FNDA:0,(anonymous_9)
DA:6,0
DA:21,0
DA:22,0
DA:23,0
DA:25,0
DA:41,0
DA:42,0
DA:55,0
DA:56,0
DA:57,0
DA:58,0
DA:60,0
DA:61,0
DA:64,0
DA:77,0
DA:78,0
DA:79,0
DA:81,0
DA:95,0
DA:96,0
DA:97,0
DA:98,0
DA:110,0
DA:111,0
DA:123,0
DA:124,0
DA:139,0
DA:140,0
DA:141,0
DA:143,0
DA:157,0
DA:158,0
LF:32
LH:0
BRDA:22,0,0,0
BRDA:22,0,1,0
BRDA:78,1,0,0
BRDA:78,1,1,0
BRDA:140,2,0,0
BRDA:140,2,1,0
BRF:6
BRH:0
end_of_record
TN:
SF:client/app/components/Carousels/RelatedProductsCarousel/RelatedProductsCarousel.jsx
FN:12,(anonymous_0)
FN:15,(anonymous_1)
FN:18,(anonymous_2)
FN:21,(anonymous_3)
FN:22,(anonymous_4)
FN:25,(anonymous_5)
FN:26,(anonymous_6)
FN:30,(anonymous_7)
FN:34,(anonymous_8)
FN:35,(anonymous_9)
FN:41,(anonymous_10)
FN:45,(anonymous_11)
FN:46,(anonymous_12)
FN:52,(anonymous_13)
FN:58,(anonymous_14)
FN:70,(anonymous_15)
FNF:16
FNH:0
FNDA:0,(anonymous_0)
FNDA:0,(anonymous_1)
FNDA:0,(anonymous_2)
FNDA:0,(anonymous_3)
FNDA:0,(anonymous_4)
FNDA:0,(anonymous_5)
FNDA:0,(anonymous_6)
FNDA:0,(anonymous_7)
FNDA:0,(anonymous_8)
FNDA:0,(anonymous_9)
FNDA:0,(anonymous_10)
FNDA:0,(anonymous_11)
FNDA:0,(anonymous_12)
FNDA:0,(anonymous_13)
FNDA:0,(anonymous_14)
FNDA:0,(anonymous_15)
DA:12,0
DA:13,0
DA:15,0
DA:16,0
DA:17,0
DA:18,0
DA:19,0
DA:21,0
DA:22,0
DA:23,0
DA:26,0
DA:27,0
DA:28,0
DA:30,0
DA:31,0
DA:35,0
DA:36,0
DA:37,0
DA:38,0
DA:39,0
DA:41,0
DA:42,0
DA:46,0
DA:47,0
DA:48,0
DA:50,0
DA:53,0
DA:54,0
DA:58,0
DA:59,0
DA:60,0
DA:64,0
DA:71,0
DA:86,0
LF:34
LH:0
BRDA:12,0,0,0
BRDA:59,1,0,0
BRDA:59,1,1,0
BRF:3
BRH:0
end_of_record
TN:
SF:client/app/components/ProductOverview/ProductOverview.jsx
FN:10,(anonymous_0)
FN:15,(anonymous_1)
FN:16,(anonymous_2)
FN:17,(anonymous_3)
FN:20,(anonymous_4)
FNF:5
FNH:0
FNDA:0,(anonymous_0)
FNDA:0,(anonymous_1)
FNDA:0,(anonymous_2)
FNDA:0,(anonymous_3)
FNDA:0,(anonymous_4)
DA:10,0
DA:11,0
DA:12,0
DA:13,0
DA:15,0
DA:16,0
DA:17,0
DA:20,0
DA:21,0
DA:22,0
DA:25,0
DA:52,0
DA:65,0
LF:13
LH:0
BRDA:11,0,0,0
BRDA:11,0,1,0
BRF:2
BRH:0
end_of_record
TN:
SF:client/app/components/ProductOverview/ProductCart/ProductCart.jsx
FN:3,(anonymous_0)
FNF:1
FNH:0
FNDA:0,(anonymous_0)
DA:3,0
DA:4,0
DA:5,0
DA:6,0
DA:13,0
LF:5
LH:0
BRDA:4,0,0,0
BRDA:4,0,1,0
BRF:2
BRH:0
end_of_record
TN:
SF:client/app/components/ProductOverview/ProductCategoryAndTitle/ProductCategoryAndTitle.jsx
FN:5,(anonymous_0)
FNF:1
FNH:0
FNDA:0,(anonymous_0)
DA:5,0
DA:6,0
LF:2
LH:0
BRF:0
BRH:0
end_of_record
TN:
SF:client/app/components/ProductOverview/ProductImageGallery/ProductImageGallery.jsx
FN:8,(anonymous_0)
FN:14,(anonymous_1)
FN:17,(anonymous_2)
FN:23,(anonymous_3)
FN:29,(anonymous_4)
FN:30,(anonymous_5)
FN:33,(anonymous_6)
FNF:7
FNH:0
FNDA:0,(anonymous_0)
FNDA:0,(anonymous_1)
FNDA:0,(anonymous_2)
FNDA:0,(anonymous_3)
FNDA:0,(anonymous_4)
FNDA:0,(anonymous_5)
FNDA:0,(anonymous_6)
DA:8,0
DA:9,0
DA:10,0
DA:11,0
DA:12,0
DA:14,0
DA:15,0
DA:17,0
DA:18,0
DA:19,0
DA:23,0
DA:24,0
DA:25,0
DA:29,0
DA:30,0
DA:33,0
DA:34,0
DA:37,0
DA:68,0
DA:73,0
LF:20
LH:0
BRDA:9,0,0,0
BRDA:9,0,1,0
BRDA:18,1,0,0
BRDA:18,1,1,0
BRDA:24,2,0,0
BRDA:24,2,1,0
BRDA:41,3,0,0
BRDA:41,3,1,0
BRDA:44,4,0,0
BRDA:44,4,1,0
BRDA:49,5,0,0
BRDA:49,5,1,0
BRF:12
BRH:0
end_of_record
TN:
SF:client/app/components/ProductOverview/ProductImageGallery/DefaultView/DefaultView.jsx
FN:6,(anonymous_0)
FNF:1
FNH:0
FNDA:0,(anonymous_0)
DA:6,0
DA:7,0
DA:8,0
DA:16,0
DA:21,0
LF:5
LH:0
BRDA:7,0,0,0
BRDA:7,0,1,0
BRF:2
BRH:0
end_of_record
TN:
SF:client/app/components/ProductOverview/ProductImageGallery/ExpandedView/ExpandedView.jsx
FN:6,(anonymous_0)
FNF:1
FNH:0
FNDA:0,(anonymous_0)
DA:6,0
DA:7,0
DA:8,0
DA:29,0
LF:4
LH:0
BRDA:7,0,0,0
BRDA:7,0,1,0
BRF:2
BRH:0
end_of_record
TN:
SF:client/app/components/ProductOverview/ProductImageGallery/ProductThumbnailScroll/ProductThumbnailScroll.jsx
FN:5,(anonymous_0)
FN:9,(anonymous_1)
FN:12,(anonymous_2)
FNF:3
FNH:0
FNDA:0,(anonymous_0)
FNDA:0,(anonymous_1)
FNDA:0,(anonymous_2)
DA:5,0
DA:6,0
DA:7,0
DA:10,0
DA:12,0
DA:20,0
DA:25,0
LF:7
LH:0
BRDA:6,0,0,0
BRDA:6,0,1,0
BRDA:6,1,0,0
BRDA:6,1,1,0
BRDA:12,2,0,0
BRDA:12,2,1,0
BRF:6
BRH:0
end_of_record
TN:
SF:client/app/components/ProductOverview/ProductInfo/ProductInfo.jsx
FN:3,(anonymous_0)
FNF:1
FNH:0
FNDA:0,(anonymous_0)
DA:3,0
DA:4,0
LF:2
LH:0
BRF:0
BRH:0
end_of_record
TN:
SF:client/app/components/ProductOverview/ProductStyleSelector/ProductStyleSelector.jsx
FN:3,(anonymous_0)
FN:9,(anonymous_1)
FN:13,(anonymous_2)
FNF:3
FNH:0
FNDA:0,(anonymous_0)
FNDA:0,(anonymous_1)
FNDA:0,(anonymous_2)
DA:3,0
DA:4,0
DA:5,0
DA:10,0
DA:13,0
DA:22,0
LF:6
LH:0
BRDA:4,0,0,0
BRDA:4,0,1,0
BRF:2
BRH:0
end_of_record
TN:
SF:client/app/components/RatingsAndReviews/RatingsAndReviews.jsx
FN:10,(anonymous_0)
FN:18,(anonymous_1)
FN:21,(anonymous_2)
FN:24,(anonymous_3)
FN:30,(anonymous_4)
FN:33,(anonymous_5)
FN:36,(anonymous_6)
FN:42,(anonymous_7)
FN:64,(anonymous_8)
FNF:9
FNH:1
FNDA:1,(anonymous_0)
FNDA:0,(anonymous_1)
FNDA:0,(anonymous_2)
FNDA:0,(anonymous_3)
FNDA:0,(anonymous_4)
FNDA:0,(anonymous_5)
FNDA:0,(anonymous_6)
FNDA:0,(anonymous_7)
FNDA:0,(anonymous_8)
DA:10,1
DA:13,1
DA:14,1
DA:15,1
DA:18,1
DA:19,0
DA:20,0
DA:22,0
DA:25,0
DA:30,1
DA:31,0
DA:32,0
DA:34,0
DA:37,0
DA:42,1
DA:43,0
DA:44,0
DA:51,0
DA:56,1
DA:64,0
DA:92,1
LF:21
LH:9
BRDA:19,0,0,0
BRDA:19,0,1,0
BRDA:31,1,0,0
BRDA:31,1,1,0
BRDA:43,2,0,0
BRDA:43,2,1,0
BRF:6
BRH:0
end_of_record
TN:
SF:client/app/components/RatingsAndReviews/RatingSummary/RatingSummary.jsx
FN:7,(anonymous_0)
FN:11,(anonymous_1)
FN:41,(anonymous_2)
FNF:3
FNH:3
FNDA:5,(anonymous_0)
FNDA:2,(anonymous_1)
FNDA:4,(anonymous_2)
DA:7,2
DA:8,5
DA:9,5
DA:11,5
DA:12,2
DA:13,2
DA:14,2
DA:15,2
DA:17,2
DA:18,2
DA:21,2
DA:23,2
DA:25,2
DA:27,2
DA:29,0
DA:34,2
DA:35,2
DA:36,2
DA:41,5
DA:42,4
DA:43,0
DA:48,4
DA:58,5
DA:75,2
LF:24
LH:22
BRDA:12,0,0,2
BRDA:12,0,1,0
BRDA:23,1,0,2
BRDA:23,1,1,0
BRDA:27,2,0,0
BRDA:27,2,1,2
BRDA:42,3,0,0
BRDA:42,3,1,4
BRDA:65,4,0,5
BRDA:65,4,1,3
BRF:10
BRH:6
end_of_record
TN:
SF:client/app/components/RatingsAndReviews/ReviewList/ReviewList.jsx
FN:7,(anonymous_0)
FN:11,(anonymous_1)
FN:16,(anonymous_2)
FNF:3
FNH:2
FNDA:2,(anonymous_0)
FNDA:4,(anonymous_1)
FNDA:0,(anonymous_2)
DA:7,2
DA:9,2
DA:11,2
DA:12,4
DA:16,2
DA:17,0
DA:18,0
DA:26,0
DA:27,0
DA:28,0
DA:29,0
DA:31,0
DA:39,0
DA:44,2
DA:49,2
LF:15
LH:7
BRDA:17,0,0,0
BRDA:17,0,1,0
BRDA:17,1,0,0
BRDA:17,1,1,0
BRDA:26,2,0,0
BRDA:26,2,1,0
BRF:6
BRH:0
end_of_record
TN:
SF:client/app/components/RatingsAndReviews/ReviewList/ReviewButtonsContainer/AddReviewButton/AddReviewButton.jsx
FN:8,(anonymous_0)
FN:11,(anonymous_1)
FN:17,(anonymous_2)
FN:39,(anonymous_3)
FN:42,(anonymous_4)
FNF:5
FNH:0
FNDA:0,(anonymous_0)
FNDA:0,(anonymous_1)
FNDA:0,(anonymous_2)
FNDA:0,(anonymous_3)
FNDA:0,(anonymous_4)
DA:8,1
DA:9,0
DA:11,0
DA:12,0
DA:14,0
DA:17,0
DA:28,0
DA:29,0
DA:40,0
DA:43,0
DA:45,0
DA:48,0
LF:12
LH:1
BRF:0
BRH:0
end_of_record
TN:
SF:client/app/components/RatingsAndReviews/ReviewList/ReviewButtonsContainer/AddReviewButton/ReviewCharacteristics/ReviewCharacteristic.jsx
FN:4,(anonymous_0)
FN:13,(anonymous_1)
FN:65,(anonymous_2)
FNF:3
FNH:0
FNDA:0,(anonymous_0)
FNDA:0,(anonymous_1)
FNDA:0,(anonymous_2)
DA:4,1
DA:11,0
DA:13,0
DA:14,0
DA:17,0
DA:20,0
DA:22,0
DA:23,0
DA:24,0
DA:25,0
DA:26,0
DA:27,0
DA:29,0
DA:30,0
DA:31,0
DA:32,0
DA:33,0
DA:34,0
DA:36,0
DA:37,0
DA:38,0
DA:39,0
DA:40,0
DA:41,0
DA:43,0
DA:44,0
DA:45,0
DA:46,0
DA:47,0
DA:48,0
DA:50,0
DA:51,0
DA:52,0
DA:53,0
DA:54,0
DA:55,0
DA:57,0
DA:58,0
DA:59,0
DA:60,0
DA:61,0
DA:62,0
DA:65,0
DA:66,0
DA:67,0
DA:68,0
DA:74,0
DA:75,0
DA:81,0
DA:82,0
DA:88,0
DA:89,0
DA:95,0
DA:96,0
DA:103,0
DA:108,0
LF:56
LH:1
BRDA:22,0,0,0
BRDA:22,0,1,0
BRDA:29,1,0,0
BRDA:29,1,1,0
BRDA:36,2,0,0
BRDA:36,2,1,0
BRDA:43,3,0,0
BRDA:43,3,1,0
BRDA:50,4,0,0
BRDA:50,4,1,0
BRDA:57,5,0,0
BRDA:57,5,1,0
BRDA:66,6,0,0
BRDA:66,6,1,0
BRDA:67,7,0,0
BRDA:67,7,1,0
BRDA:74,8,0,0
BRDA:74,8,1,0
BRDA:81,9,0,0
BRDA:81,9,1,0
BRDA:88,10,0,0
BRDA:88,10,1,0
BRDA:95,11,0,0
BRDA:95,11,1,0
BRF:24
BRH:0
end_of_record
TN:
SF:client/app/components/RatingsAndReviews/ReviewList/ReviewButtonsContainer/AddReviewButton/ReviewCharacteristics/ReviewCharacteristics.jsx
FN:4,(anonymous_0)
FNF:1
FNH:0
FNDA:0,(anonymous_0)
DA:4,1
DA:6,0
DA:9,0
DA:11,0
DA:21,0
LF:5
LH:1
BRF:0
BRH:0
end_of_record
TN:
SF:client/app/components/RatingsAndReviews/ReviewList/ReviewButtonsContainer/ModalWindow/ModalWindow.jsx
FN:12,(anonymous_0)
FN:31,(anonymous_1)
FN:46,(anonymous_2)
FN:55,(anonymous_3)
FN:59,(anonymous_4)
FN:63,(anonymous_5)
FN:67,(anonymous_6)
FN:71,(anonymous_7)
FN:75,(anonymous_8)
FN:165,(anonymous_9)
FNF:10
FNH:0
FNDA:0,(anonymous_0)
FNDA:0,(anonymous_1)
FNDA:0,(anonymous_2)
FNDA:0,(anonymous_3)
FNDA:0,(anonymous_4)
FNDA:0,(anonymous_5)
FNDA:0,(anonymous_6)
FNDA:0,(anonymous_7)
FNDA:0,(anonymous_8)
FNDA:0,(anonymous_9)
DA:12,1
DA:13,0
DA:14,0
DA:15,0
DA:16,0
DA:17,0
DA:18,0
DA:19,0
DA:21,0
DA:23,0
DA:31,0
DA:32,0
DA:33,0
DA:39,0
DA:46,0
DA:47,0
DA:48,0
DA:50,0
DA:51,0
DA:55,0
DA:56,0
DA:59,0
DA:60,0
DA:63,0
DA:64,0
DA:67,0
DA:68,0
DA:71,0
DA:72,0
DA:75,0
DA:76,0
DA:77,0
DA:87,0
DA:94,0
DA:95,0
DA:165,0
DA:174,0
LF:37
LH:1
BRDA:21,0,0,0
BRDA:21,0,1,0
BRDA:32,1,0,0
BRDA:32,1,1,0
BRDA:47,2,0,0
BRDA:47,2,1,0
BRDA:50,3,0,0
BRDA:50,3,1,0
BRDA:76,4,0,0
BRDA:76,4,1,0
BRDA:94,5,0,0
BRDA:94,5,1,0
BRF:12
BRH:0
end_of_record
TN:
SF:client/app/components/RatingsAndReviews/ReviewList/ReviewButtonsContainer/ModalWindow/ReviewModalStarRating/ReviewModalStarRating.jsx
FN:5,(anonymous_0)
FN:42,(anonymous_1)
FN:52,(anonymous_2)
FNF:3
FNH:0
FNDA:0,(anonymous_0)
FNDA:0,(anonymous_1)
FNDA:0,(anonymous_2)
DA:5,1
DA:7,0
DA:8,0
DA:11,0
DA:15,0
DA:16,0
DA:18,0
DA:24,0
DA:26,0
DA:35,0
DA:42,1
DA:43,0
DA:52,1
DA:53,0
DA:62,1
LF:15
LH:4
BRDA:5,0,0,0
BRDA:7,1,0,0
BRDA:7,1,1,0
BRDA:16,2,0,0
BRDA:16,2,1,0
BRDA:16,3,0,0
BRDA:16,3,1,0
BRDA:18,4,0,0
BRDA:18,4,1,0
BRF:9
BRH:0
end_of_record
TN:
SF:client/app/components/RatingsAndReviews/ReviewList/ReviewButtonsContainer/MoreReviewsButton/MoreReviewsButton.jsx
FN:3,(anonymous_0)
FN:4,(anonymous_1)
FNF:2
FNH:1
FNDA:1,(anonymous_0)
FNDA:0,(anonymous_1)
DA:3,3
DA:4,1
LF:2
LH:2
BRF:0
BRH:0
end_of_record
TN:
SF:client/app/components/RatingsAndReviews/ReviewList/ReviewListItem/ReviewListItem.jsx
FN:5,(anonymous_0)
FNF:1
FNH:1
FNDA:3,(anonymous_0)
DA:5,3
DA:6,3
LF:2
LH:2
BRF:0
BRH:0
end_of_record
TN:
SF:client/app/components/StarRating/StarRating.jsx
FN:5,(anonymous_0)
FN:42,(anonymous_1)
FN:52,(anonymous_2)
FNF:3
FNH:3
FNDA:4,(anonymous_0)
FNDA:2,(anonymous_1)
FNDA:2,(anonymous_2)
DA:5,4
DA:7,4
DA:8,2
DA:11,2
DA:15,2
DA:16,2
DA:18,2
DA:24,2
DA:26,2
DA:35,4
DA:42,4
DA:43,2
DA:52,4
DA:53,2
DA:62,4
LF:15
LH:15
BRDA:5,0,0,0
BRDA:7,1,0,2
BRDA:7,1,1,2
BRDA:16,2,0,0
BRDA:16,2,1,2
BRDA:16,3,0,2
BRDA:16,3,1,2
BRDA:18,4,0,2
BRDA:18,4,1,0
BRF:9
BRH:6
end_of_record
TN:
SF:client/app/components/helperFunctions/getAverageRating.jsx
FN:4,(anonymous_0)
FNF:1
FNH:1
FNDA:2,(anonymous_0)
DA:4,2
DA:6,2
DA:7,2
DA:9,2
DA:11,2
DA:12,0
DA:15,2
DA:16,6
DA:17,6
DA:20,2
DA:22,2
DA:24,2
LF:12
LH:11
BRDA:11,0,0,0
BRDA:11,0,1,2
BRF:2
BRH:1
end_of_record
TN:
SF:client/app/components/helperFunctions/getDefaultStyle.jsx
FN:1,(anonymous_0)
FNF:1
FNH:0
FNDA:0,(anonymous_0)
DA:1,0
DA:2,0
DA:3,0
DA:4,0
DA:7,0
LF:5
LH:0
BRDA:3,0,0,0
BRDA:3,0,1,0
BRF:2
BRH:0
end_of_record
TN:
SF:client/dist/bundle.js
FN:9,(anonymous_0)
FN:16,(anonymous_1)
FN:26,(anonymous_2)
FN:37,(anonymous_3)
FN:48,(anonymous_4)
FN:59,(anonymous_5)
FN:70,(anonymous_6)
FN:81,(anonymous_7)
FN:92,(anonymous_8)
FN:103,(anonymous_9)
FN:114,(anonymous_10)
FN:125,(anonymous_11)
FN:136,(anonymous_12)
FN:147,(anonymous_13)
FN:158,(anonymous_14)
FN:169,(anonymous_15)
FN:180,(anonymous_16)
FN:191,(anonymous_17)
FN:202,(anonymous_18)
FN:213,(anonymous_19)
FN:224,(anonymous_20)
FN:235,(anonymous_21)
FN:246,(anonymous_22)
FN:257,(anonymous_23)
FN:268,(anonymous_24)
FN:279,(anonymous_25)
FN:290,(anonymous_26)
FN:301,(anonymous_27)
FN:312,(anonymous_28)
FN:323,(anonymous_29)
FN:334,(anonymous_30)
FN:345,(anonymous_31)
FN:356,(anonymous_32)
FN:367,(anonymous_33)
FN:378,(anonymous_34)
FN:389,(anonymous_35)
FN:400,(anonymous_36)
FN:411,(anonymous_37)
FN:422,(anonymous_38)
FN:433,(anonymous_39)
FN:444,(anonymous_40)
FN:455,(anonymous_41)
FN:466,(anonymous_42)
FN:477,(anonymous_43)
FN:488,(anonymous_44)
FN:499,(anonymous_45)
FN:510,(anonymous_46)
FN:521,(anonymous_47)
FN:532,(anonymous_48)
FN:543,(anonymous_49)
FN:554,(anonymous_50)
FN:565,(anonymous_51)
FN:576,(anonymous_52)
FN:587,(anonymous_53)
FN:598,(anonymous_54)
FN:609,(anonymous_55)
FN:620,(anonymous_56)
FN:630,(anonymous_57)
FN:641,(anonymous_58)
FN:652,(anonymous_59)
FN:663,(anonymous_60)
FN:674,(anonymous_61)
FN:685,(anonymous_62)
FN:696,(anonymous_63)
FN:707,(anonymous_64)
FN:718,(anonymous_65)
FN:729,(anonymous_66)
FN:740,(anonymous_67)
FN:751,(anonymous_68)
FN:762,(anonymous_69)
FN:773,(anonymous_70)
FN:784,(anonymous_71)
FN:795,(anonymous_72)
FN:806,(anonymous_73)
FN:817,(anonymous_74)
FN:828,(anonymous_75)
FN:839,(anonymous_76)
FN:850,(anonymous_77)
FN:861,(anonymous_78)
FN:872,(anonymous_79)
FN:883,(anonymous_80)
FN:894,(anonymous_81)
FN:905,(anonymous_82)
FN:916,(anonymous_83)
FN:927,(anonymous_84)
FN:938,(anonymous_85)
FN:949,(anonymous_86)
FN:960,(anonymous_87)
FN:971,(anonymous_88)
FN:982,(anonymous_89)
FN:993,(anonymous_90)
FN:1003,(anonymous_91)
FN:1014,(anonymous_92)
FN:1024,(anonymous_93)
FN:1035,(anonymous_94)
FN:1046,(anonymous_95)
FN:1057,(anonymous_96)
FN:1068,(anonymous_97)
FN:1079,(anonymous_98)
FN:1090,(anonymous_99)
FN:1101,(anonymous_100)
FN:1112,(anonymous_101)
FN:1123,(anonymous_102)
FN:1134,(anonymous_103)
FN:1145,(anonymous_104)
FN:1156,(anonymous_105)
FN:1167,(anonymous_106)
FN:1178,(anonymous_107)
FN:1189,(anonymous_108)
FN:1200,(anonymous_109)
FN:1211,(anonymous_110)
FN:1222,(anonymous_111)
FN:1233,(anonymous_112)
FN:1244,(anonymous_113)
FN:1255,(anonymous_114)
FN:1266,(anonymous_115)
FN:1277,(anonymous_116)
FN:1288,(anonymous_117)
FN:1299,(anonymous_118)
FN:1310,(anonymous_119)
FN:1321,(anonymous_120)
FN:1332,(anonymous_121)
FN:1343,(anonymous_122)
FN:1354,(anonymous_123)
FN:1365,(anonymous_124)
FN:1376,(anonymous_125)
FN:1387,(anonymous_126)
FN:1398,(anonymous_127)
FN:1408,(anonymous_128)
FN:1419,(anonymous_129)
FN:1430,(anonymous_130)
FN:1441,(anonymous_131)
FN:1451,(anonymous_132)
FN:1462,(anonymous_133)
FN:1473,(anonymous_134)
FN:1484,(anonymous_135)
FN:1495,(anonymous_136)
FN:1506,(anonymous_137)
FN:1517,(anonymous_138)
FN:1528,(anonymous_139)
FN:1539,(anonymous_140)
FN:1550,(anonymous_141)
FN:1561,(anonymous_142)
FN:1572,(anonymous_143)
FN:1583,(anonymous_144)
FN:1594,(anonymous_145)
FN:1605,(anonymous_146)
FN:1616,(anonymous_147)
FN:1627,(anonymous_148)
FN:1638,(anonymous_149)
FN:1649,(anonymous_150)
FN:1660,(anonymous_151)
FN:1671,(anonymous_152)
FN:1682,(anonymous_153)
FN:1693,(anonymous_154)
FN:1704,(anonymous_155)
FN:1717,__webpack_require__
FN:1738,(anonymous_157)
FN:1740,(anonymous_158)
FN:1742,(anonymous_159)
FN:1743,(anonymous_160)
FN:1750,(anonymous_161)
FN:1752,(anonymous_162)
FN:1762,(anonymous_163)
FN:1763,(anonymous_164)
FN:1767,(anonymous_165)
FN:1769,(anonymous_166)
FNF:167
FNH:0
FNDA:0,(anonymous_0)
FNDA:0,(anonymous_1)
FNDA:0,(anonymous_2)
FNDA:0,(anonymous_3)
FNDA:0,(anonymous_4)
FNDA:0,(anonymous_5)
FNDA:0,(anonymous_6)
FNDA:0,(anonymous_7)
FNDA:0,(anonymous_8)
FNDA:0,(anonymous_9)
FNDA:0,(anonymous_10)
FNDA:0,(anonymous_11)
FNDA:0,(anonymous_12)
FNDA:0,(anonymous_13)
FNDA:0,(anonymous_14)
FNDA:0,(anonymous_15)
FNDA:0,(anonymous_16)
FNDA:0,(anonymous_17)
FNDA:0,(anonymous_18)
FNDA:0,(anonymous_19)
FNDA:0,(anonymous_20)
FNDA:0,(anonymous_21)
FNDA:0,(anonymous_22)
FNDA:0,(anonymous_23)
FNDA:0,(anonymous_24)
FNDA:0,(anonymous_25)
FNDA:0,(anonymous_26)
FNDA:0,(anonymous_27)
FNDA:0,(anonymous_28)
FNDA:0,(anonymous_29)
FNDA:0,(anonymous_30)
FNDA:0,(anonymous_31)
FNDA:0,(anonymous_32)
FNDA:0,(anonymous_33)
FNDA:0,(anonymous_34)
FNDA:0,(anonymous_35)
FNDA:0,(anonymous_36)
FNDA:0,(anonymous_37)
FNDA:0,(anonymous_38)
FNDA:0,(anonymous_39)
FNDA:0,(anonymous_40)
FNDA:0,(anonymous_41)
FNDA:0,(anonymous_42)
FNDA:0,(anonymous_43)
FNDA:0,(anonymous_44)
FNDA:0,(anonymous_45)
FNDA:0,(anonymous_46)
FNDA:0,(anonymous_47)
FNDA:0,(anonymous_48)
FNDA:0,(anonymous_49)
FNDA:0,(anonymous_50)
FNDA:0,(anonymous_51)
FNDA:0,(anonymous_52)
FNDA:0,(anonymous_53)
FNDA:0,(anonymous_54)
FNDA:0,(anonymous_55)
FNDA:0,(anonymous_56)
FNDA:0,(anonymous_57)
FNDA:0,(anonymous_58)
FNDA:0,(anonymous_59)
FNDA:0,(anonymous_60)
FNDA:0,(anonymous_61)
FNDA:0,(anonymous_62)
FNDA:0,(anonymous_63)
FNDA:0,(anonymous_64)
FNDA:0,(anonymous_65)
FNDA:0,(anonymous_66)
FNDA:0,(anonymous_67)
FNDA:0,(anonymous_68)
FNDA:0,(anonymous_69)
FNDA:0,(anonymous_70)
FNDA:0,(anonymous_71)
FNDA:0,(anonymous_72)
FNDA:0,(anonymous_73)
FNDA:0,(anonymous_74)
FNDA:0,(anonymous_75)
FNDA:0,(anonymous_76)
FNDA:0,(anonymous_77)
FNDA:0,(anonymous_78)
FNDA:0,(anonymous_79)
FNDA:0,(anonymous_80)
FNDA:0,(anonymous_81)
FNDA:0,(anonymous_82)
FNDA:0,(anonymous_83)
FNDA:0,(anonymous_84)
FNDA:0,(anonymous_85)
FNDA:0,(anonymous_86)
FNDA:0,(anonymous_87)
FNDA:0,(anonymous_88)
FNDA:0,(anonymous_89)
FNDA:0,(anonymous_90)
FNDA:0,(anonymous_91)
FNDA:0,(anonymous_92)
FNDA:0,(anonymous_93)
FNDA:0,(anonymous_94)
FNDA:0,(anonymous_95)
FNDA:0,(anonymous_96)
FNDA:0,(anonymous_97)
FNDA:0,(anonymous_98)
FNDA:0,(anonymous_99)
FNDA:0,(anonymous_100)
FNDA:0,(anonymous_101)
FNDA:0,(anonymous_102)
FNDA:0,(anonymous_103)
FNDA:0,(anonymous_104)
FNDA:0,(anonymous_105)
FNDA:0,(anonymous_106)
FNDA:0,(anonymous_107)
FNDA:0,(anonymous_108)
FNDA:0,(anonymous_109)
FNDA:0,(anonymous_110)
FNDA:0,(anonymous_111)
FNDA:0,(anonymous_112)
FNDA:0,(anonymous_113)
FNDA:0,(anonymous_114)
FNDA:0,(anonymous_115)
FNDA:0,(anonymous_116)
FNDA:0,(anonymous_117)
FNDA:0,(anonymous_118)
FNDA:0,(anonymous_119)
FNDA:0,(anonymous_120)
FNDA:0,(anonymous_121)
FNDA:0,(anonymous_122)
FNDA:0,(anonymous_123)
FNDA:0,(anonymous_124)
FNDA:0,(anonymous_125)
FNDA:0,(anonymous_126)
FNDA:0,(anonymous_127)
FNDA:0,(anonymous_128)
FNDA:0,(anonymous_129)
FNDA:0,(anonymous_130)
FNDA:0,(anonymous_131)
FNDA:0,(anonymous_132)
FNDA:0,(anonymous_133)
FNDA:0,(anonymous_134)
FNDA:0,(anonymous_135)
FNDA:0,(anonymous_136)
FNDA:0,(anonymous_137)
FNDA:0,(anonymous_138)
FNDA:0,(anonymous_139)
FNDA:0,(anonymous_140)
FNDA:0,(anonymous_141)
FNDA:0,(anonymous_142)
FNDA:0,(anonymous_143)
FNDA:0,(anonymous_144)
FNDA:0,(anonymous_145)
FNDA:0,(anonymous_146)
FNDA:0,(anonymous_147)
FNDA:0,(anonymous_148)
FNDA:0,(anonymous_149)
FNDA:0,(anonymous_150)
FNDA:0,(anonymous_151)
FNDA:0,(anonymous_152)
FNDA:0,(anonymous_153)
FNDA:0,(anonymous_154)
FNDA:0,(anonymous_155)
FNDA:0,__webpack_require__
FNDA:0,(anonymous_157)
FNDA:0,(anonymous_158)
FNDA:0,(anonymous_159)
FNDA:0,(anonymous_160)
FNDA:0,(anonymous_161)
FNDA:0,(anonymous_162)
FNDA:0,(anonymous_163)
FNDA:0,(anonymous_164)
FNDA:0,(anonymous_165)
FNDA:0,(anonymous_166)
DA:9,0
DA:10,0
DA:18,0
DA:29,0
DA:40,0
DA:51,0
DA:62,0
DA:73,0
DA:84,0
DA:95,0
DA:106,0
DA:117,0
DA:128,0
DA:139,0
DA:150,0
DA:161,0
DA:172,0
DA:183,0
DA:194,0
DA:205,0
DA:216,0
DA:227,0
DA:238,0
DA:249,0
DA:260,0
DA:271,0
DA:282,0
DA:293,0
DA:304,0
DA:315,0
DA:326,0
DA:337,0
DA:348,0
DA:359,0
DA:370,0
DA:381,0
DA:392,0
DA:403,0
DA:414,0
DA:425,0
DA:436,0
DA:447,0
DA:458,0
DA:469,0
DA:480,0
DA:491,0
DA:502,0
DA:513,0
DA:524,0
DA:535,0
DA:546,0
DA:557,0
DA:568,0
DA:579,0
DA:590,0
DA:601,0
DA:612,0
DA:622,0
DA:633,0
DA:644,0
DA:655,0
DA:666,0
DA:677,0
DA:688,0
DA:699,0
DA:710,0
DA:721,0
DA:732,0
DA:743,0
DA:754,0
DA:765,0
DA:776,0
DA:787,0
DA:798,0
DA:809,0
DA:820,0
DA:831,0
DA:842,0
DA:853,0
DA:864,0
DA:875,0
DA:886,0
DA:897,0
DA:908,0
DA:919,0
DA:930,0
DA:941,0
DA:952,0
DA:963,0
DA:974,0
DA:985,0
DA:995,0
DA:1006,0
DA:1016,0
DA:1027,0
DA:1038,0
DA:1049,0
DA:1060,0
DA:1071,0
DA:1082,0
DA:1093,0
DA:1104,0
DA:1115,0
DA:1126,0
DA:1137,0
DA:1148,0
DA:1159,0
DA:1170,0
DA:1181,0
DA:1192,0
DA:1203,0
DA:1214,0
DA:1225,0
DA:1236,0
DA:1247,0
DA:1258,0
DA:1269,0
DA:1280,0
DA:1291,0
DA:1302,0
DA:1313,0
DA:1324,0
DA:1335,0
DA:1346,0
DA:1357,0
DA:1368,0
DA:1379,0
DA:1390,0
DA:1400,0
DA:1411,0
DA:1422,0
DA:1433,0
DA:1443,0
DA:1454,0
DA:1465,0
DA:1476,0
DA:1487,0
DA:1498,0
DA:1509,0
DA:1520,0
DA:1531,0
DA:1542,0
DA:1553,0
DA:1564,0
DA:1575,0
DA:1586,0
DA:1597,0
DA:1608,0
DA:1619,0
DA:1630,0
DA:1641,0
DA:1652,0
DA:1663,0
DA:1674,0
DA:1685,0
DA:1696,0
DA:1707,0
DA:1714,0
DA:1719,0
DA:1720,0
DA:1723,0
DA:1730,0
DA:1733,0
DA:1738,0
DA:1740,0
DA:1741,0
DA:1742,0
DA:1743,0
DA:1744,0
DA:1745,0
DA:1750,0
DA:1752,0
DA:1753,0
DA:1754,0
DA:1755,0
DA:1762,0
DA:1763,0
DA:1767,0
DA:1769,0
DA:1770,0
DA:1771,0
DA:1773,0
DA:1782,0
LF:183
LH:0
BRDA:1719,0,0,0
BRDA:1719,0,1,0
BRDA:1741,1,0,0
BRDA:1741,1,1,0
BRDA:1741,2,0,0
BRDA:1741,2,1,0
BRDA:1754,3,0,0
BRDA:1754,3,1,0
BRDA:1754,4,0,0
BRDA:1754,4,1,0
BRDA:1770,5,0,0
BRDA:1770,5,1,0
BRDA:1770,6,0,0
BRDA:1770,6,1,0
BRF:14
BRH:0
end_of_record
